Log file open, 04/02/17 21:57:54
LogInit:Display: Running engine for game: sidescroller
LogPlatformFile: Not using cached read wrapper
LogInit:Display: RandInit(201783769) SRandInit(201783769).
LogTaskGraph: Started task graph with 5 named threads and 8 total threads with 1 sets of task threads.
LogStats: Stats thread started at 0.070672
LogInit: Using libcurl 7.47.1
LogInit:  - built for x86_64-pc-win32
LogInit:  - supports SSL with OpenSSL/1.0.2g
LogInit:  - supports HTTP deflate (compression) using libz 1.2.8
LogInit:  - other features:
LogInit:      CURL_VERSION_SSL
LogInit:      CURL_VERSION_LIBZ
LogInit:      CURL_VERSION_IPV6
LogInit:      CURL_VERSION_ASYNCHDNS
LogInit:      CURL_VERSION_LARGEFILE
LogInit:      CURL_VERSION_IDN
LogInit:  CurlRequestOptions (configurable via config and command line):
LogInit:  - bVerifyPeer = false  - Libcurl will NOT verify peer certificate
LogInit:  - bUseHttpProxy = false  - Libcurl will NOT use HTTP proxy
LogInit:  - bDontReuseConnections = false  - Libcurl will reuse connections
LogInit:  - CertBundlePath = nullptr  - Libcurl will use whatever was configured at build time.
LogInit: Build: ++UE4+Release-4.15-CL-3348071
LogInit: Engine Version: 4.15.1-3348071+++UE4+Release-4.15
LogInit: Compatible Engine Version: 4.15.0-3299760+++UE4+Release-4.15
LogInit: Net CL: 3299760
LogDevObjectVersion: Number of dev versions registered: 14
LogDevObjectVersion:   Dev-Blueprints (B0D832E4-1F89-4F0D-ACCF-7EB736FD4AA2): 8
LogDevObjectVersion:   Dev-Build (E1C64328-A22C-4D53-A36C-8E866417BD8C): 0
LogDevObjectVersion:   Dev-Core (375EC13C-06E4-48FB-B500-84F0262A717E): 2
LogDevObjectVersion:   Dev-Editor (E4B068ED-F494-42E9-A231-DA0B2E46BB41): 14
LogDevObjectVersion:   Dev-Framework (CFFC743F-43B0-4480-9391-14DF171D2073): 22
LogDevObjectVersion:   Dev-Mobile (B02B49B5-BB20-44E9-A304-32B752E40360): 0
LogDevObjectVersion:   Dev-Networking (A4E4105C-59A1-49B5-A7C5-40C4547EDFEE): 0
LogDevObjectVersion:   Dev-Online (39C831C9-5AE6-47DC-9A44-9C173E1C8E7C): 0
LogDevObjectVersion:   Dev-Physics (78F01B33-EBEA-4F98-B9B4-84EACCB95AA2): 0
LogDevObjectVersion:   Dev-Platform (6631380F-2D4D-43E0-8009-CF276956A95A): 0
LogDevObjectVersion:   Dev-Rendering (12F88B9F-8875-4AFC-A67C-D90C383ABD29): 12
LogDevObjectVersion:   Dev-Sequencer (7B5AE74C-D270-4C10-A958-57980B212A5A): 3
LogDevObjectVersion:   Dev-VR (D7296918-1DD6-4BDD-9DE2-64A83CC13884): 0
LogDevObjectVersion:   Dev-LoadTimes (C2A15278-BFE7-4AFE-6C17-90FF531DF755): 1
LogInit: Compiled (64-bit): Mar 15 2017 16:52:47
LogInit: Compiled with Visual C++: 19.00.23026.00
LogInit: Build Configuration: Development
LogInit: Branch Name: ++UE4+Release-4.15
LogInit: Command line: -EpicPortal 
LogInit: Base directory: C:/Program Files/Epic Games/UE_4.15/Engine/Binaries/Win64/
LogInit: Installed Engine Build: 1
LogInit: Presizing for max 8388607 objects, including 0 objects not considered by GC, pre-allocating 0 bytes for permanent pool.
LogInit: Object subsystem initialized
[2017.04.03-02.57.54:888][  0]LogInit: Selected Device Profile: [Windows]
[2017.04.03-02.57.54:888][  0]LogInit: Applying CVar settings loaded from the selected device profile: [Windows]
[2017.04.03-02.57.54:897][  0]LogInit: Computer: DESKTOP-PFLKCEB
[2017.04.03-02.57.54:897][  0]LogInit: User: rjp00
[2017.04.03-02.57.54:897][  0]LogInit: CPU Page size=65536, Cores=4
[2017.04.03-02.57.54:897][  0]LogInit: High frequency timer resolution =3.222676 MHz
[2017.04.03-02.57.54:897][  0]LogMemory: Memory total: Physical=16.0GB (16GB approx)
[2017.04.03-02.57.54:897][  0]LogMemory: Platform Memory Stats for Windows
[2017.04.03-02.57.54:897][  0]LogMemory: Process Physical Memory: 263.46 MB used, 263.46 MB peak
[2017.04.03-02.57.54:897][  0]LogMemory: Process Virtual Memory: 262.39 MB used, 262.39 MB peak
[2017.04.03-02.57.54:897][  0]LogMemory: Physical Memory: 7240.45 MB used,  9110.70 MB free, 16351.15 MB total
[2017.04.03-02.57.54:897][  0]LogMemory: Virtual Memory: 644.09 MB used,  9110.70 MB free, 134217728.00 MB total
[2017.04.03-02.57.54:963][  0]LogTextLocalizationManager: No specific translations for ('en-US') exist, so ('en') translations will be used.
[2017.04.03-02.57.55:484][  0]LogD3D11RHI: D3D11 adapters:
[2017.04.03-02.57.55:506][  0]LogD3D11RHI:    0. 'AMD Radeon (TM) R9 Fury Series' (Feature Level 11_0)
[2017.04.03-02.57.55:506][  0]LogD3D11RHI:       4070/0/8175 MB DedicatedVideo/DedicatedSystem/SharedSystem, Outputs:2, VendorId:0x1002
[2017.04.03-02.57.55:508][  0]LogD3D11RHI:    1. 'Microsoft Basic Render Driver' (Feature Level 11_0)
[2017.04.03-02.57.55:508][  0]LogD3D11RHI:       0/0/8175 MB DedicatedVideo/DedicatedSystem/SharedSystem, Outputs:0, VendorId:0x1414
[2017.04.03-02.57.55:508][  0]LogD3D11RHI: Chosen D3D11 Adapter: 0
[2017.04.03-02.57.55:514][  0]LogD3D11RHI: Creating new Direct3DDevice
[2017.04.03-02.57.55:514][  0]LogD3D11RHI:     GPU DeviceId: 0x7300 (for the marketing name, search the web for "GPU Device Id")
[2017.04.03-02.57.55:514][  0]LogWindows: EnumDisplayDevices:
[2017.04.03-02.57.55:514][  0]LogWindows:    0. 'AMD Radeon (TM) R9 Fury Series' (P:1 D:1)
[2017.04.03-02.57.55:515][  0]LogWindows:    1. 'AMD Radeon (TM) R9 Fury Series' (P:0 D:1)
[2017.04.03-02.57.55:515][  0]LogWindows:    2. 'AMD Radeon (TM) R9 Fury Series' (P:0 D:0)
[2017.04.03-02.57.55:515][  0]LogWindows:    3. 'AMD Radeon (TM) R9 Fury Series' (P:0 D:0)
[2017.04.03-02.57.55:515][  0]LogWindows:    4. 'AMD Radeon (TM) R9 Fury Series' (P:0 D:0)
[2017.04.03-02.57.55:515][  0]LogWindows:    5. 'AMD Radeon (TM) R9 Fury Series' (P:0 D:0)
[2017.04.03-02.57.55:515][  0]LogWindows: DebugString: FoundDriverCount:6 
[2017.04.03-02.57.55:515][  0]LogD3D11RHI:     Adapter Name: AMD Radeon (TM) R9 Fury Series
[2017.04.03-02.57.55:515][  0]LogD3D11RHI:   Driver Version: Crimson ReLive 17.3.3 (internal:21.19.525.258, unified:21.19.525.258)
[2017.04.03-02.57.55:515][  0]LogD3D11RHI:      Driver Date: 3-16-2017
[2017.04.03-02.57.55:515][  0]LogRHI: Texture pool is 1361 MB (70% of 1945 MB)
[2017.04.03-02.57.55:614][  0]LogD3D11RHI: Async texture creation enabled
[2017.04.03-02.57.55:624][  0]LogD3D11RHI: GPU Timing Frequency: 25.000000 (Debug: 2 1)
[2017.04.03-02.57.55:624][  0]LogShaderCompilers: Guid format shader working directory is -23 characters bigger than the processId version (../../../../../../Users/rjp00/Documents/Github/blueprint/sidescroller/Intermediate/Shaders/WorkingDirectory/5776/).
[2017.04.03-02.57.55:625][  0]LogShaderCompilers: Cleaned the shader compiler working directory 'C:/Users/rjp00/AppData/Local/Temp/UnrealShaderWorkingDir/5B65081F43921C16BD50E49F7F7598CC/'.
[2017.04.03-02.57.55:625][  0]LogShaderCompilers:Display: Using Local Shader Compiler.
[2017.04.03-02.57.56:486][  0]LogTemp:Display: Loaded TP AllDesktopTargetPlatform
[2017.04.03-02.57.56:534][  0]LogTemp:Display: Loaded TP MacClientTargetPlatform
[2017.04.03-02.57.56:581][  0]LogTemp:Display: Loaded TP MacNoEditorTargetPlatform
[2017.04.03-02.57.56:628][  0]LogTemp:Display: Loaded TP MacServerTargetPlatform
[2017.04.03-02.57.56:675][  0]LogTemp:Display: Loaded TP MacTargetPlatform
[2017.04.03-02.57.56:728][  0]LogTemp:Display: Loaded TP WindowsClientTargetPlatform
[2017.04.03-02.57.56:778][  0]LogTemp:Display: Loaded TP WindowsNoEditorTargetPlatform
[2017.04.03-02.57.56:826][  0]LogTemp:Display: Loaded TP WindowsServerTargetPlatform
[2017.04.03-02.57.56:871][  0]LogTemp:Display: Loaded TP WindowsTargetPlatform
[2017.04.03-02.57.56:923][  0]LogTemp:Display: Loaded TP AndroidTargetPlatform
[2017.04.03-02.57.56:972][  0]LogTemp:Display: Loaded TP Android_ASTCTargetPlatform
[2017.04.03-02.57.57:022][  0]LogTemp:Display: Loaded TP Android_ATCTargetPlatform
[2017.04.03-02.57.57:086][  0]LogTemp:Display: Loaded TP Android_DXTTargetPlatform
[2017.04.03-02.57.57:136][  0]LogTemp:Display: Loaded TP Android_ETC1TargetPlatform
[2017.04.03-02.57.57:185][  0]LogTemp:Display: Loaded TP Android_ETC2TargetPlatform
[2017.04.03-02.57.57:289][  0]LogTemp:Display: Loaded TP Android_MultiTargetPlatform
[2017.04.03-02.57.57:289][  0]LogTemp:Display: Loaded TP Android_PVRTCTargetPlatform
[2017.04.03-02.57.57:331][  0]LogTemp:Display: Loaded TP HTML5TargetPlatform
[2017.04.03-02.57.57:430][  0]LogTemp:Display: Loaded TP IOSTargetPlatform
[2017.04.03-02.57.57:465][  0]LogTemp:Display: Loaded TP TVOSTargetPlatform
[2017.04.03-02.57.57:513][  0]LogTemp:Display: Loaded TP LinuxClientTargetPlatform
[2017.04.03-02.57.57:563][  0]LogTemp:Display: Loaded TP LinuxNoEditorTargetPlatform
[2017.04.03-02.57.57:615][  0]LogTemp:Display: Loaded TP LinuxServerTargetPlatform
[2017.04.03-02.57.57:670][  0]LogTemp:Display: Loaded TP LinuxTargetPlatform
[2017.04.03-02.57.57:670][  0]LogTargetPlatformManager:Display: Building Assets For Windows
[2017.04.03-02.57.58:064][  0]LogDerivedDataCache:Display: Max Cache Size: 512 MB
[2017.04.03-02.57.58:111][  0]LogDerivedDataCache: Loaded boot cache 0.05s 50MB C:/Users/rjp00/AppData/Local/UnrealEngine/4.15/DerivedDataCache/Boot.ddc.
[2017.04.03-02.57.58:111][  0]LogDerivedDataCache:Display: Loaded Boot cache: C:/Users/rjp00/AppData/Local/UnrealEngine/4.15/DerivedDataCache/Boot.ddc
[2017.04.03-02.57.58:111][  0]LogDerivedDataCache: FDerivedDataBackendGraph:  Pak pak cache file ../../../../../../Users/rjp00/Documents/Github/blueprint/sidescroller/DerivedDataCache/DDC.ddp not found, will not use a pak cache.
[2017.04.03-02.57.58:111][  0]LogDerivedDataCache: Unable to find inner node Pak for hierarchical cache Hierarchy.
[2017.04.03-02.57.58:111][  0]LogDerivedDataCache: FDerivedDataBackendGraph:  CompressedPak pak cache file ../../../../../../Users/rjp00/Documents/Github/blueprint/sidescroller/DerivedDataCache/Compressed.ddp not found, will not use a pak cache.
[2017.04.03-02.57.58:111][  0]LogDerivedDataCache: Unable to find inner node CompressedPak for hierarchical cache Hierarchy.
[2017.04.03-02.57.58:125][  0]LogDerivedDataCache:Display: Pak cache opened for reading ../../../Engine/DerivedDataCache/Compressed.ddp.
[2017.04.03-02.57.58:137][  0]LogDerivedDataCache: Using Local data cache path C:/Users/rjp00/AppData/Local/UnrealEngine/Common/DerivedDataCache: Writable
[2017.04.03-02.57.58:145][  0]LogSlate: Using Freetype 2.6.0
[2017.04.03-02.57.58:145][  0]LogSlate: SlateFontCache - WITH_FREETYPE: 1, WITH_HARFBUZZ: 1
[2017.04.03-02.57.58:145][  0]LogSlate: SlateFontCache - WITH_FREETYPE: 1, WITH_HARFBUZZ: 1
[2017.04.03-02.57.58:384][  0]LogInit: Selected Device Profile: [Windows]
[2017.04.03-02.57.58:387][  0]LogContentStreaming: Texture pool size is 0.00 MB
[2017.04.03-02.57.58:562][  0]LogMeshUtilities: Using QuadricMeshReduction for automatic static mesh reduction
[2017.04.03-02.57.58:600][  0]LogSimplygon: Simplygon DLL not present - disabling.
[2017.04.03-02.57.58:640][  0]LogMeshUtilities: Using SimplygonSwarm for distributed automatic mesh merging
[2017.04.03-02.57.58:640][  0]LogMeshUtilities: No automatic skeletal mesh reduction module available
[2017.04.03-02.57.58:640][  0]LogMeshUtilities: No automatic mesh merging module available
[2017.04.03-02.57.59:115][  0]LogNetVersion: GetLocalNetworkVersion: CL: 3299760, ProjectName: sidescroller, ProjectVersion: , EngineNetworkVersion: 2, GameNetworkVersion: 0, NetworkChecksum: 1105980258
[2017.04.03-02.57.59:158][  0]LogAssetRegistry: FAssetRegistry took 0.0218 seconds to start up
[2017.04.03-02.57.59:197][  0]LogPackageLocalizationCache: Processed 3 localized package path(s) for 2 prioritized culture(s) in 0.019499 seconds
[2017.04.03-02.57.59:201][  0]LogUObjectArray: 32493 objects as part of root set at end of initial load.
[2017.04.03-02.57.59:201][  0]LogUObjectAllocator: 7077032 out of 0 bytes used by permanent object pool.
[2017.04.03-02.57.59:201][  0]LogUObjectArray: CloseDisregardForGC: 0/0 objects in disregard for GC pool
[2017.04.03-02.57.59:258][  0]LogInit: WinSock: version 1.1 (2.2), MaxSocks=32767, MaxUdp=65467
[2017.04.03-02.58.00:695][  0]LogTcpMessaging: Initializing TcpMessaging bridge
[2017.04.03-02.58.00:749][  0]LogUdpMessaging: Initializing bridge on interface 0.0.0.0:0 to multicast group 230.0.0.1:6666.
[2017.04.03-02.58.01:160][  0]LogMaterial: Uniform references updated for custom material expression Custom.
[2017.04.03-02.58.01:507][  0]SourceControl: Info Source control is disabled
[2017.04.03-02.58.01:536][  0]SourceControl: Info Source control is disabled
[2017.04.03-02.58.01:581][  0]SourceControl: Info Source control is disabled
[2017.04.03-02.58.01:626][  0]SourceControl: Info Source control is disabled
[2017.04.03-02.58.02:815][  0]LogEngine: Initializing Engine...
[2017.04.03-02.58.02:825][  0]LogHMD: Failed to initialize OpenVR with code 108
[2017.04.03-02.58.03:053][  0]LogAIModule: Creating AISystem for world Untitled
[2017.04.03-02.58.03:069][  0]LogInit: XAudio2 using 'Speakers (High Definition Audio Device)' : 2 channels at 44.1 kHz using 16 bits per sample (channel mask 0x3)
[2017.04.03-02.58.03:091][  0]LogInit: FAudioDevice initialized.
[2017.04.03-02.58.03:125][  0]LogDerivedDataCache: Saved boot cache 0.03s 50MB C:/Users/rjp00/AppData/Local/UnrealEngine/4.15/DerivedDataCache/Boot.ddc.
[2017.04.03-02.58.03:135][  0]LogInit: Texture streaming: Enabled
[2017.04.03-02.58.03:228][  0]LogEngineSessionManager: EngineSessionManager initialized
[2017.04.03-02.58.03:308][  0]LogInit: Transaction tracking system initialized
[2017.04.03-02.58.03:627][  0]BlueprintLog: New page: Editor Load
[2017.04.03-02.58.04:551][  0]LocalizationService: Info Localization service is disabled
[2017.04.03-02.58.05:161][  0]LogConsoleResponse:Display: 
[2017.04.03-02.58.05:284][  0]LogCook:Display: Max memory allowance for cook 16384mb min free memory 0mb
[2017.04.03-02.58.05:284][  0]LogCook:Display: Mobile HDR setting 1
[2017.04.03-02.58.06:205][  0]LogFileCache: Scanning file cache for directory 'C:/Users/rjp00/Documents/Github/blueprint/sidescroller/Content/' took 0.01s
[2017.04.03-02.58.06:243][  0]SourceControl: Info Source control is disabled
[2017.04.03-02.58.06:247][  0]LogFactory: FactoryCreateFile: PackFactory with PackFactory (0 0 C:/Program Files/Epic Games/UE_4.15/FeaturePacks/StarterContent.upack)
[2017.04.03-02.58.06:257][  0]LogPackFactory: Finished extracting 8 files (including 0 errors).
[2017.04.03-02.58.06:266][  0]LogPackFactory: Copied "../../../Samples/StarterContent/Content/StarterContent/Architecture/Floor_400x400.uasset" to "../../../../../../Users/rjp00/Documents/Github/blueprint/sidescroller/Content/StarterContent/Architecture/Floor_400x400.uasset"
[2017.04.03-02.58.06:272][  0]LogPackFactory: Copied "../../../Samples/StarterContent/Content/StarterContent/Architecture/Pillar_50x500.uasset" to "../../../../../../Users/rjp00/Documents/Github/blueprint/sidescroller/Content/StarterContent/Architecture/Pillar_50x500.uasset"
[2017.04.03-02.58.06:281][  0]LogPackFactory: Copied "../../../Samples/StarterContent/Content/StarterContent/Architecture/SM_AssetPlatform.uasset" to "../../../../../../Users/rjp00/Documents/Github/blueprint/sidescroller/Content/StarterContent/Architecture/SM_AssetPlatform.uasset"
[2017.04.03-02.58.06:287][  0]LogPackFactory: Copied "../../../Samples/StarterContent/Content/StarterContent/Architecture/Wall_400x200.uasset" to "../../../../../../Users/rjp00/Documents/Github/blueprint/sidescroller/Content/StarterContent/Architecture/Wall_400x200.uasset"
[2017.04.03-02.58.06:293][  0]LogPackFactory: Copied "../../../Samples/StarterContent/Content/StarterContent/Architecture/Wall_400x300.uasset" to "../../../../../../Users/rjp00/Documents/Github/blueprint/sidescroller/Content/StarterContent/Architecture/Wall_400x300.uasset"
[2017.04.03-02.58.06:300][  0]LogPackFactory: Copied "../../../Samples/StarterContent/Content/StarterContent/Architecture/Wall_400x400.uasset" to "../../../../../../Users/rjp00/Documents/Github/blueprint/sidescroller/Content/StarterContent/Architecture/Wall_400x400.uasset"
[2017.04.03-02.58.06:306][  0]LogPackFactory: Copied "../../../Samples/StarterContent/Content/StarterContent/Architecture/Wall_500x500.uasset" to "../../../../../../Users/rjp00/Documents/Github/blueprint/sidescroller/Content/StarterContent/Architecture/Wall_500x500.uasset"
[2017.04.03-02.58.06:312][  0]LogPackFactory: Copied "../../../Samples/StarterContent/Content/StarterContent/Architecture/Wall_Door_400x300.uasset" to "../../../../../../Users/rjp00/Documents/Github/blueprint/sidescroller/Content/StarterContent/Architecture/Wall_Door_400x300.uasset"
[2017.04.03-02.58.06:320][  0]LogPackFactory: Copied "../../../Samples/StarterContent/Content/StarterContent/Architecture/Wall_Door_400x400.uasset" to "../../../../../../Users/rjp00/Documents/Github/blueprint/sidescroller/Content/StarterContent/Architecture/Wall_Door_400x400.uasset"
[2017.04.03-02.58.06:327][  0]LogPackFactory: Copied "../../../Samples/StarterContent/Content/StarterContent/Architecture/Wall_Window_400x300.uasset" to "../../../../../../Users/rjp00/Documents/Github/blueprint/sidescroller/Content/StarterContent/Architecture/Wall_Window_400x300.uasset"
[2017.04.03-02.58.06:333][  0]LogPackFactory: Copied "../../../Samples/StarterContent/Content/StarterContent/Architecture/Wall_Window_400x400.uasset" to "../../../../../../Users/rjp00/Documents/Github/blueprint/sidescroller/Content/StarterContent/Architecture/Wall_Window_400x400.uasset"
[2017.04.03-02.58.06:340][  0]LogPackFactory: Copied "../../../Samples/StarterContent/Content/StarterContent/Audio/Collapse01.uasset" to "../../../../../../Users/rjp00/Documents/Github/blueprint/sidescroller/Content/StarterContent/Audio/Collapse01.uasset"
[2017.04.03-02.58.06:346][  0]LogPackFactory: Copied "../../../Samples/StarterContent/Content/StarterContent/Audio/Collapse02.uasset" to "../../../../../../Users/rjp00/Documents/Github/blueprint/sidescroller/Content/StarterContent/Audio/Collapse02.uasset"
[2017.04.03-02.58.06:350][  0]LogPackFactory: Copied "../../../Samples/StarterContent/Content/StarterContent/Audio/Collapse_Cue.uasset" to "../../../../../../Users/rjp00/Documents/Github/blueprint/sidescroller/Content/StarterContent/Audio/Collapse_Cue.uasset"
[2017.04.03-02.58.06:356][  0]LogPackFactory: Copied "../../../Samples/StarterContent/Content/StarterContent/Audio/Explosion01.uasset" to "../../../../../../Users/rjp00/Documents/Github/blueprint/sidescroller/Content/StarterContent/Audio/Explosion01.uasset"
[2017.04.03-02.58.06:362][  0]LogPackFactory: Copied "../../../Samples/StarterContent/Content/StarterContent/Audio/Explosion02.uasset" to "../../../../../../Users/rjp00/Documents/Github/blueprint/sidescroller/Content/StarterContent/Audio/Explosion02.uasset"
[2017.04.03-02.58.06:365][  0]LogPackFactory: Copied "../../../Samples/StarterContent/Content/StarterContent/Audio/Explosion_Cue.uasset" to "../../../../../../Users/rjp00/Documents/Github/blueprint/sidescroller/Content/StarterContent/Audio/Explosion_Cue.uasset"
[2017.04.03-02.58.06:372][  0]LogPackFactory: Copied "../../../Samples/StarterContent/Content/StarterContent/Audio/Fire01.uasset" to "../../../../../../Users/rjp00/Documents/Github/blueprint/sidescroller/Content/StarterContent/Audio/Fire01.uasset"
[2017.04.03-02.58.06:375][  0]LogPackFactory: Copied "../../../Samples/StarterContent/Content/StarterContent/Audio/Fire01_Cue.uasset" to "../../../../../../Users/rjp00/Documents/Github/blueprint/sidescroller/Content/StarterContent/Audio/Fire01_Cue.uasset"
[2017.04.03-02.58.06:382][  0]LogPackFactory: Copied "../../../Samples/StarterContent/Content/StarterContent/Audio/Fire_Sparks01.uasset" to "../../../../../../Users/rjp00/Documents/Github/blueprint/sidescroller/Content/StarterContent/Audio/Fire_Sparks01.uasset"
[2017.04.03-02.58.06:386][  0]LogPackFactory: Copied "../../../Samples/StarterContent/Content/StarterContent/Audio/Fire_Sparks01_Cue.uasset" to "../../../../../../Users/rjp00/Documents/Github/blueprint/sidescroller/Content/StarterContent/Audio/Fire_Sparks01_Cue.uasset"
[2017.04.03-02.58.06:392][  0]LogPackFactory: Copied "../../../Samples/StarterContent/Content/StarterContent/Audio/Light01.uasset" to "../../../../../../Users/rjp00/Documents/Github/blueprint/sidescroller/Content/StarterContent/Audio/Light01.uasset"
[2017.04.03-02.58.06:396][  0]LogPackFactory: Copied "../../../Samples/StarterContent/Content/StarterContent/Audio/Light01_Cue.uasset" to "../../../../../../Users/rjp00/Documents/Github/blueprint/sidescroller/Content/StarterContent/Audio/Light01_Cue.uasset"
[2017.04.03-02.58.06:402][  0]LogPackFactory: Copied "../../../Samples/StarterContent/Content/StarterContent/Audio/Light02.uasset" to "../../../../../../Users/rjp00/Documents/Github/blueprint/sidescroller/Content/StarterContent/Audio/Light02.uasset"
[2017.04.03-02.58.06:405][  0]LogPackFactory: Copied "../../../Samples/StarterContent/Content/StarterContent/Audio/Light02_Cue.uasset" to "../../../../../../Users/rjp00/Documents/Github/blueprint/sidescroller/Content/StarterContent/Audio/Light02_Cue.uasset"
[2017.04.03-02.58.06:412][  0]LogPackFactory: Copied "../../../Samples/StarterContent/Content/StarterContent/Audio/Smoke01.uasset" to "../../../../../../Users/rjp00/Documents/Github/blueprint/sidescroller/Content/StarterContent/Audio/Smoke01.uasset"
[2017.04.03-02.58.06:416][  0]LogPackFactory: Copied "../../../Samples/StarterContent/Content/StarterContent/Audio/Smoke01_Cue.uasset" to "../../../../../../Users/rjp00/Documents/Github/blueprint/sidescroller/Content/StarterContent/Audio/Smoke01_Cue.uasset"
[2017.04.03-02.58.06:421][  0]LogPackFactory: Copied "../../../Samples/StarterContent/Content/StarterContent/Audio/Starter_Background_Cue.uasset" to "../../../../../../Users/rjp00/Documents/Github/blueprint/sidescroller/Content/StarterContent/Audio/Starter_Background_Cue.uasset"
[2017.04.03-02.58.06:432][  0]LogPackFactory: Copied "../../../Samples/StarterContent/Content/StarterContent/Audio/Starter_Birds01.uasset" to "../../../../../../Users/rjp00/Documents/Github/blueprint/sidescroller/Content/StarterContent/Audio/Starter_Birds01.uasset"
[2017.04.03-02.58.06:451][  0]LogPackFactory: Copied "../../../Samples/StarterContent/Content/StarterContent/Audio/Starter_Music01.uasset" to "../../../../../../Users/rjp00/Documents/Github/blueprint/sidescroller/Content/StarterContent/Audio/Starter_Music01.uasset"
[2017.04.03-02.58.06:455][  0]LogPackFactory: Copied "../../../Samples/StarterContent/Content/StarterContent/Audio/Starter_Music_Cue.uasset" to "../../../../../../Users/rjp00/Documents/Github/blueprint/sidescroller/Content/StarterContent/Audio/Starter_Music_Cue.uasset"
[2017.04.03-02.58.06:465][  0]LogPackFactory: Copied "../../../Samples/StarterContent/Content/StarterContent/Audio/Starter_Wind05.uasset" to "../../../../../../Users/rjp00/Documents/Github/blueprint/sidescroller/Content/StarterContent/Audio/Starter_Wind05.uasset"
[2017.04.03-02.58.06:476][  0]LogPackFactory: Copied "../../../Samples/StarterContent/Content/StarterContent/Audio/Starter_Wind06.uasset" to "../../../../../../Users/rjp00/Documents/Github/blueprint/sidescroller/Content/StarterContent/Audio/Starter_Wind06.uasset"
[2017.04.03-02.58.06:483][  0]LogPackFactory: Copied "../../../Samples/StarterContent/Content/StarterContent/Audio/Steam01.uasset" to "../../../../../../Users/rjp00/Documents/Github/blueprint/sidescroller/Content/StarterContent/Audio/Steam01.uasset"
[2017.04.03-02.58.06:486][  0]LogPackFactory: Copied "../../../Samples/StarterContent/Content/StarterContent/Audio/Steam01_Cue.uasset" to "../../../../../../Users/rjp00/Documents/Github/blueprint/sidescroller/Content/StarterContent/Audio/Steam01_Cue.uasset"
[2017.04.03-02.58.06:494][  0]LogPackFactory: Copied "../../../Samples/StarterContent/Content/StarterContent/Blueprints/Blueprint_CeilingLight.uasset" to "../../../../../../Users/rjp00/Documents/Github/blueprint/sidescroller/Content/StarterContent/Blueprints/Blueprint_CeilingLight.uasset"
[2017.04.03-02.58.06:500][  0]LogPackFactory: Copied "../../../Samples/StarterContent/Content/StarterContent/Blueprints/Blueprint_Effect_Explosion.uasset" to "../../../../../../Users/rjp00/Documents/Github/blueprint/sidescroller/Content/StarterContent/Blueprints/Blueprint_Effect_Explosion.uasset"
[2017.04.03-02.58.06:506][  0]LogPackFactory: Copied "../../../Samples/StarterContent/Content/StarterContent/Blueprints/Blueprint_Effect_Fire.uasset" to "../../../../../../Users/rjp00/Documents/Github/blueprint/sidescroller/Content/StarterContent/Blueprints/Blueprint_Effect_Fire.uasset"
[2017.04.03-02.58.06:512][  0]LogPackFactory: Copied "../../../Samples/StarterContent/Content/StarterContent/Blueprints/Blueprint_Effect_Smoke.uasset" to "../../../../../../Users/rjp00/Documents/Github/blueprint/sidescroller/Content/StarterContent/Blueprints/Blueprint_Effect_Smoke.uasset"
[2017.04.03-02.58.06:517][  0]LogPackFactory: Copied "../../../Samples/StarterContent/Content/StarterContent/Blueprints/Blueprint_Effect_Sparks.uasset" to "../../../../../../Users/rjp00/Documents/Github/blueprint/sidescroller/Content/StarterContent/Blueprints/Blueprint_Effect_Sparks.uasset"
[2017.04.03-02.58.06:523][  0]LogPackFactory: Copied "../../../Samples/StarterContent/Content/StarterContent/Blueprints/Blueprint_Effect_Steam.uasset" to "../../../../../../Users/rjp00/Documents/Github/blueprint/sidescroller/Content/StarterContent/Blueprints/Blueprint_Effect_Steam.uasset"
[2017.04.03-02.58.06:530][  0]LogPackFactory: Copied "../../../Samples/StarterContent/Content/StarterContent/Blueprints/Blueprint_WallSconce.uasset" to "../../../../../../Users/rjp00/Documents/Github/blueprint/sidescroller/Content/StarterContent/Blueprints/Blueprint_WallSconce.uasset"
[2017.04.03-02.58.06:536][  0]LogPackFactory: Copied "../../../Samples/StarterContent/Content/StarterContent/Blueprints/BP_LightStudio.uasset" to "../../../../../../Users/rjp00/Documents/Github/blueprint/sidescroller/Content/StarterContent/Blueprints/BP_LightStudio.uasset"
[2017.04.03-02.58.06:540][  0]LogPackFactory: Copied "../../../Samples/StarterContent/Content/StarterContent/Blueprints/Assets/FogBrightnessLUT.uasset" to "../../../../../../Users/rjp00/Documents/Github/blueprint/sidescroller/Content/StarterContent/Blueprints/Assets/FogBrightnessLUT.uasset"
[2017.04.03-02.58.06:546][  0]LogPackFactory: Copied "../../../Samples/StarterContent/Content/StarterContent/Blueprints/Assets/M_LightStage_Arrows.uasset" to "../../../../../../Users/rjp00/Documents/Github/blueprint/sidescroller/Content/StarterContent/Blueprints/Assets/M_LightStage_Arrows.uasset"
[2017.04.03-02.58.06:552][  0]LogPackFactory: Copied "../../../Samples/StarterContent/Content/StarterContent/Blueprints/Assets/M_LightStage_Skybox_Black.uasset" to "../../../../../../Users/rjp00/Documents/Github/blueprint/sidescroller/Content/StarterContent/Blueprints/Assets/M_LightStage_Skybox_Black.uasset"
[2017.04.03-02.58.06:558][  0]LogPackFactory: Copied "../../../Samples/StarterContent/Content/StarterContent/Blueprints/Assets/M_LightStage_Skybox_HDRI.uasset" to "../../../../../../Users/rjp00/Documents/Github/blueprint/sidescroller/Content/StarterContent/Blueprints/Assets/M_LightStage_Skybox_HDRI.uasset"
[2017.04.03-02.58.06:563][  0]LogPackFactory: Copied "../../../Samples/StarterContent/Content/StarterContent/Blueprints/Assets/M_LightStage_Skybox_Master.uasset" to "../../../../../../Users/rjp00/Documents/Github/blueprint/sidescroller/Content/StarterContent/Blueprints/Assets/M_LightStage_Skybox_Master.uasset"
[2017.04.03-02.58.06:570][  0]LogPackFactory: Copied "../../../Samples/StarterContent/Content/StarterContent/Blueprints/Assets/Skybox.uasset" to "../../../../../../Users/rjp00/Documents/Github/blueprint/sidescroller/Content/StarterContent/Blueprints/Assets/Skybox.uasset"
[2017.04.03-02.58.06:577][  0]LogPackFactory: Copied "../../../Samples/StarterContent/Content/StarterContent/Blueprints/Assets/SM_Arrows.uasset" to "../../../../../../Users/rjp00/Documents/Github/blueprint/sidescroller/Content/StarterContent/Blueprints/Assets/SM_Arrows.uasset"
[2017.04.03-02.58.06:581][  0]LogPackFactory: Copied "../../../Samples/StarterContent/Content/StarterContent/Blueprints/Assets/SunlightColorLUT.uasset" to "../../../../../../Users/rjp00/Documents/Github/blueprint/sidescroller/Content/StarterContent/Blueprints/Assets/SunlightColorLUT.uasset"
[2017.04.03-02.58.06:693][  0]LogPackFactory: Copied "../../../Samples/StarterContent/Content/StarterContent/HDRI/HDRI_Epic_Courtyard_Daylight.uasset" to "../../../../../../Users/rjp00/Documents/Github/blueprint/sidescroller/Content/StarterContent/HDRI/HDRI_Epic_Courtyard_Daylight.uasset"
[2017.04.03-02.58.06:699][  0]LogPackFactory: Copied "../../../Samples/StarterContent/Content/StarterContent/Maps/Advanced_Lighting.umap" to "../../../../../../Users/rjp00/Documents/Github/blueprint/sidescroller/Content/StarterContent/Maps/Advanced_Lighting.umap"
[2017.04.03-02.58.06:705][  0]LogPackFactory: Copied "../../../Samples/StarterContent/Content/StarterContent/Maps/Advanced_Lighting_BuiltData.uasset" to "../../../../../../Users/rjp00/Documents/Github/blueprint/sidescroller/Content/StarterContent/Maps/Advanced_Lighting_BuiltData.uasset"
[2017.04.03-02.58.06:714][  0]LogPackFactory: Copied "../../../Samples/StarterContent/Content/StarterContent/Maps/Minimal_Default.umap" to "../../../../../../Users/rjp00/Documents/Github/blueprint/sidescroller/Content/StarterContent/Maps/Minimal_Default.umap"
[2017.04.03-02.58.06:721][  0]LogPackFactory: Copied "../../../Samples/StarterContent/Content/StarterContent/Maps/Minimal_Default_BuiltData.uasset" to "../../../../../../Users/rjp00/Documents/Github/blueprint/sidescroller/Content/StarterContent/Maps/Minimal_Default_BuiltData.uasset"
[2017.04.03-02.58.06:735][  0]LogPackFactory: Copied "../../../Samples/StarterContent/Content/StarterContent/Maps/StarterMap.umap" to "../../../../../../Users/rjp00/Documents/Github/blueprint/sidescroller/Content/StarterContent/Maps/StarterMap.umap"
[2017.04.03-02.58.06:761][  0]LogPackFactory: Copied "../../../Samples/StarterContent/Content/StarterContent/Maps/StarterMap_BuiltData.uasset" to "../../../../../../Users/rjp00/Documents/Github/blueprint/sidescroller/Content/StarterContent/Maps/StarterMap_BuiltData.uasset"
[2017.04.03-02.58.06:768][  0]LogPackFactory: Copied "../../../Samples/StarterContent/Content/StarterContent/Materials/M_AssetPlatform.uasset" to "../../../../../../Users/rjp00/Documents/Github/blueprint/sidescroller/Content/StarterContent/Materials/M_AssetPlatform.uasset"
[2017.04.03-02.58.06:774][  0]LogPackFactory: Copied "../../../Samples/StarterContent/Content/StarterContent/Materials/M_Basic_Floor.uasset" to "../../../../../../Users/rjp00/Documents/Github/blueprint/sidescroller/Content/StarterContent/Materials/M_Basic_Floor.uasset"
[2017.04.03-02.58.06:780][  0]LogPackFactory: Copied "../../../Samples/StarterContent/Content/StarterContent/Materials/M_Basic_Wall.uasset" to "../../../../../../Users/rjp00/Documents/Github/blueprint/sidescroller/Content/StarterContent/Materials/M_Basic_Wall.uasset"
[2017.04.03-02.58.06:787][  0]LogPackFactory: Copied "../../../Samples/StarterContent/Content/StarterContent/Materials/M_Brick_Clay_Beveled.uasset" to "../../../../../../Users/rjp00/Documents/Github/blueprint/sidescroller/Content/StarterContent/Materials/M_Brick_Clay_Beveled.uasset"
[2017.04.03-02.58.06:796][  0]LogPackFactory: Copied "../../../Samples/StarterContent/Content/StarterContent/Materials/M_Brick_Clay_New.uasset" to "../../../../../../Users/rjp00/Documents/Github/blueprint/sidescroller/Content/StarterContent/Materials/M_Brick_Clay_New.uasset"
[2017.04.03-02.58.06:802][  0]LogPackFactory: Copied "../../../Samples/StarterContent/Content/StarterContent/Materials/M_Brick_Clay_Old.uasset" to "../../../../../../Users/rjp00/Documents/Github/blueprint/sidescroller/Content/StarterContent/Materials/M_Brick_Clay_Old.uasset"
[2017.04.03-02.58.06:809][  0]LogPackFactory: Copied "../../../Samples/StarterContent/Content/StarterContent/Materials/M_Brick_Cut_Stone.uasset" to "../../../../../../Users/rjp00/Documents/Github/blueprint/sidescroller/Content/StarterContent/Materials/M_Brick_Cut_Stone.uasset"
[2017.04.03-02.58.06:816][  0]LogPackFactory: Copied "../../../Samples/StarterContent/Content/StarterContent/Materials/M_Brick_Hewn_Stone.uasset" to "../../../../../../Users/rjp00/Documents/Github/blueprint/sidescroller/Content/StarterContent/Materials/M_Brick_Hewn_Stone.uasset"
[2017.04.03-02.58.06:822][  0]LogPackFactory: Copied "../../../Samples/StarterContent/Content/StarterContent/Materials/M_Ceramic_Tile_Checker.uasset" to "../../../../../../Users/rjp00/Documents/Github/blueprint/sidescroller/Content/StarterContent/Materials/M_Ceramic_Tile_Checker.uasset"
[2017.04.03-02.58.06:829][  0]LogPackFactory: Copied "../../../Samples/StarterContent/Content/StarterContent/Materials/M_CobbleStone_Pebble.uasset" to "../../../../../../Users/rjp00/Documents/Github/blueprint/sidescroller/Content/StarterContent/Materials/M_CobbleStone_Pebble.uasset"
[2017.04.03-02.58.06:836][  0]LogPackFactory: Copied "../../../Samples/StarterContent/Content/StarterContent/Materials/M_CobbleStone_Rough.uasset" to "../../../../../../Users/rjp00/Documents/Github/blueprint/sidescroller/Content/StarterContent/Materials/M_CobbleStone_Rough.uasset"
[2017.04.03-02.58.06:844][  0]LogPackFactory: Copied "../../../Samples/StarterContent/Content/StarterContent/Materials/M_CobbleStone_Smooth.uasset" to "../../../../../../Users/rjp00/Documents/Github/blueprint/sidescroller/Content/StarterContent/Materials/M_CobbleStone_Smooth.uasset"
[2017.04.03-02.58.06:850][  0]LogPackFactory: Copied "../../../Samples/StarterContent/Content/StarterContent/Materials/M_ColorGrid_LowSpec.uasset" to "../../../../../../Users/rjp00/Documents/Github/blueprint/sidescroller/Content/StarterContent/Materials/M_ColorGrid_LowSpec.uasset"
[2017.04.03-02.58.06:856][  0]LogPackFactory: Copied "../../../Samples/StarterContent/Content/StarterContent/Materials/M_Concrete_Grime.uasset" to "../../../../../../Users/rjp00/Documents/Github/blueprint/sidescroller/Content/StarterContent/Materials/M_Concrete_Grime.uasset"
[2017.04.03-02.58.06:863][  0]LogPackFactory: Copied "../../../Samples/StarterContent/Content/StarterContent/Materials/M_Concrete_Panels.uasset" to "../../../../../../Users/rjp00/Documents/Github/blueprint/sidescroller/Content/StarterContent/Materials/M_Concrete_Panels.uasset"
[2017.04.03-02.58.06:869][  0]LogPackFactory: Copied "../../../Samples/StarterContent/Content/StarterContent/Materials/M_Concrete_Poured.uasset" to "../../../../../../Users/rjp00/Documents/Github/blueprint/sidescroller/Content/StarterContent/Materials/M_Concrete_Poured.uasset"
[2017.04.03-02.58.06:876][  0]LogPackFactory: Copied "../../../Samples/StarterContent/Content/StarterContent/Materials/M_Concrete_Tiles.uasset" to "../../../../../../Users/rjp00/Documents/Github/blueprint/sidescroller/Content/StarterContent/Materials/M_Concrete_Tiles.uasset"
[2017.04.03-02.58.06:883][  0]LogPackFactory: Copied "../../../Samples/StarterContent/Content/StarterContent/Materials/M_Glass.uasset" to "../../../../../../Users/rjp00/Documents/Github/blueprint/sidescroller/Content/StarterContent/Materials/M_Glass.uasset"
[2017.04.03-02.58.06:889][  0]LogPackFactory: Copied "../../../Samples/StarterContent/Content/StarterContent/Materials/M_Ground_Grass.uasset" to "../../../../../../Users/rjp00/Documents/Github/blueprint/sidescroller/Content/StarterContent/Materials/M_Ground_Grass.uasset"
[2017.04.03-02.58.06:897][  0]LogPackFactory: Copied "../../../Samples/StarterContent/Content/StarterContent/Materials/M_Ground_Gravel.uasset" to "../../../../../../Users/rjp00/Documents/Github/blueprint/sidescroller/Content/StarterContent/Materials/M_Ground_Gravel.uasset"
[2017.04.03-02.58.06:904][  0]LogPackFactory: Copied "../../../Samples/StarterContent/Content/StarterContent/Materials/M_Ground_Moss.uasset" to "../../../../../../Users/rjp00/Documents/Github/blueprint/sidescroller/Content/StarterContent/Materials/M_Ground_Moss.uasset"
[2017.04.03-02.58.06:912][  0]LogPackFactory: Copied "../../../Samples/StarterContent/Content/StarterContent/Materials/M_Metal_Brushed_Nickel.uasset" to "../../../../../../Users/rjp00/Documents/Github/blueprint/sidescroller/Content/StarterContent/Materials/M_Metal_Brushed_Nickel.uasset"
[2017.04.03-02.58.06:918][  0]LogPackFactory: Copied "../../../Samples/StarterContent/Content/StarterContent/Materials/M_Metal_Burnished_Steel.uasset" to "../../../../../../Users/rjp00/Documents/Github/blueprint/sidescroller/Content/StarterContent/Materials/M_Metal_Burnished_Steel.uasset"
[2017.04.03-02.58.06:924][  0]LogPackFactory: Copied "../../../Samples/StarterContent/Content/StarterContent/Materials/M_Metal_Chrome.uasset" to "../../../../../../Users/rjp00/Documents/Github/blueprint/sidescroller/Content/StarterContent/Materials/M_Metal_Chrome.uasset"
[2017.04.03-02.58.06:930][  0]LogPackFactory: Copied "../../../Samples/StarterContent/Content/StarterContent/Materials/M_Metal_Copper.uasset" to "../../../../../../Users/rjp00/Documents/Github/blueprint/sidescroller/Content/StarterContent/Materials/M_Metal_Copper.uasset"
[2017.04.03-02.58.06:937][  0]LogPackFactory: Copied "../../../Samples/StarterContent/Content/StarterContent/Materials/M_Metal_Gold.uasset" to "../../../../../../Users/rjp00/Documents/Github/blueprint/sidescroller/Content/StarterContent/Materials/M_Metal_Gold.uasset"
[2017.04.03-02.58.06:945][  0]LogPackFactory: Copied "../../../Samples/StarterContent/Content/StarterContent/Materials/M_Metal_Rust.uasset" to "../../../../../../Users/rjp00/Documents/Github/blueprint/sidescroller/Content/StarterContent/Materials/M_Metal_Rust.uasset"
[2017.04.03-02.58.06:951][  0]LogPackFactory: Copied "../../../Samples/StarterContent/Content/StarterContent/Materials/M_Metal_Steel.uasset" to "../../../../../../Users/rjp00/Documents/Github/blueprint/sidescroller/Content/StarterContent/Materials/M_Metal_Steel.uasset"
[2017.04.03-02.58.06:957][  0]LogPackFactory: Copied "../../../Samples/StarterContent/Content/StarterContent/Materials/M_Rock_Basalt.uasset" to "../../../../../../Users/rjp00/Documents/Github/blueprint/sidescroller/Content/StarterContent/Materials/M_Rock_Basalt.uasset"
[2017.04.03-02.58.06:964][  0]LogPackFactory: Copied "../../../Samples/StarterContent/Content/StarterContent/Materials/M_Rock_Marble_Polished.uasset" to "../../../../../../Users/rjp00/Documents/Github/blueprint/sidescroller/Content/StarterContent/Materials/M_Rock_Marble_Polished.uasset"
[2017.04.03-02.58.06:970][  0]LogPackFactory: Copied "../../../Samples/StarterContent/Content/StarterContent/Materials/M_Rock_Sandstone.uasset" to "../../../../../../Users/rjp00/Documents/Github/blueprint/sidescroller/Content/StarterContent/Materials/M_Rock_Sandstone.uasset"
[2017.04.03-02.58.06:977][  0]LogPackFactory: Copied "../../../Samples/StarterContent/Content/StarterContent/Materials/M_Rock_Slate.uasset" to "../../../../../../Users/rjp00/Documents/Github/blueprint/sidescroller/Content/StarterContent/Materials/M_Rock_Slate.uasset"
[2017.04.03-02.58.06:984][  0]LogPackFactory: Copied "../../../Samples/StarterContent/Content/StarterContent/Materials/M_Tech_Checker_Dot.uasset" to "../../../../../../Users/rjp00/Documents/Github/blueprint/sidescroller/Content/StarterContent/Materials/M_Tech_Checker_Dot.uasset"
[2017.04.03-02.58.06:990][  0]LogPackFactory: Copied "../../../Samples/StarterContent/Content/StarterContent/Materials/M_Tech_Hex_Tile.uasset" to "../../../../../../Users/rjp00/Documents/Github/blueprint/sidescroller/Content/StarterContent/Materials/M_Tech_Hex_Tile.uasset"
[2017.04.03-02.58.06:997][  0]LogPackFactory: Copied "../../../Samples/StarterContent/Content/StarterContent/Materials/M_Tech_Hex_Tile_Pulse.uasset" to "../../../../../../Users/rjp00/Documents/Github/blueprint/sidescroller/Content/StarterContent/Materials/M_Tech_Hex_Tile_Pulse.uasset"
[2017.04.03-02.58.07:003][  0]LogPackFactory: Copied "../../../Samples/StarterContent/Content/StarterContent/Materials/M_Tech_Panel.uasset" to "../../../../../../Users/rjp00/Documents/Github/blueprint/sidescroller/Content/StarterContent/Materials/M_Tech_Panel.uasset"
[2017.04.03-02.58.07:009][  0]LogPackFactory: Copied "../../../Samples/StarterContent/Content/StarterContent/Materials/M_Water_Lake.uasset" to "../../../../../../Users/rjp00/Documents/Github/blueprint/sidescroller/Content/StarterContent/Materials/M_Water_Lake.uasset"
[2017.04.03-02.58.07:016][  0]LogPackFactory: Copied "../../../Samples/StarterContent/Content/StarterContent/Materials/M_Water_Ocean.uasset" to "../../../../../../Users/rjp00/Documents/Github/blueprint/sidescroller/Content/StarterContent/Materials/M_Water_Ocean.uasset"
[2017.04.03-02.58.07:022][  0]LogPackFactory: Copied "../../../Samples/StarterContent/Content/StarterContent/Materials/M_Wood_Floor_Walnut_Polished.uasset" to "../../../../../../Users/rjp00/Documents/Github/blueprint/sidescroller/Content/StarterContent/Materials/M_Wood_Floor_Walnut_Polished.uasset"
[2017.04.03-02.58.07:029][  0]LogPackFactory: Copied "../../../Samples/StarterContent/Content/StarterContent/Materials/M_Wood_Floor_Walnut_Worn.uasset" to "../../../../../../Users/rjp00/Documents/Github/blueprint/sidescroller/Content/StarterContent/Materials/M_Wood_Floor_Walnut_Worn.uasset"
[2017.04.03-02.58.07:035][  0]LogPackFactory: Copied "../../../Samples/StarterContent/Content/StarterContent/Materials/M_Wood_Oak.uasset" to "../../../../../../Users/rjp00/Documents/Github/blueprint/sidescroller/Content/StarterContent/Materials/M_Wood_Oak.uasset"
[2017.04.03-02.58.07:041][  0]LogPackFactory: Copied "../../../Samples/StarterContent/Content/StarterContent/Materials/M_Wood_Pine.uasset" to "../../../../../../Users/rjp00/Documents/Github/blueprint/sidescroller/Content/StarterContent/Materials/M_Wood_Pine.uasset"
[2017.04.03-02.58.07:047][  0]LogPackFactory: Copied "../../../Samples/StarterContent/Content/StarterContent/Materials/M_Wood_Walnut.uasset" to "../../../../../../Users/rjp00/Documents/Github/blueprint/sidescroller/Content/StarterContent/Materials/M_Wood_Walnut.uasset"
[2017.04.03-02.58.07:054][  0]LogPackFactory: Copied "../../../Samples/StarterContent/Content/StarterContent/Particles/P_Ambient_Dust.uasset" to "../../../../../../Users/rjp00/Documents/Github/blueprint/sidescroller/Content/StarterContent/Particles/P_Ambient_Dust.uasset"
[2017.04.03-02.58.07:062][  0]LogPackFactory: Copied "../../../Samples/StarterContent/Content/StarterContent/Particles/P_Explosion.uasset" to "../../../../../../Users/rjp00/Documents/Github/blueprint/sidescroller/Content/StarterContent/Particles/P_Explosion.uasset"
[2017.04.03-02.58.07:068][  0]LogPackFactory: Copied "../../../Samples/StarterContent/Content/StarterContent/Particles/P_Fire.uasset" to "../../../../../../Users/rjp00/Documents/Github/blueprint/sidescroller/Content/StarterContent/Particles/P_Fire.uasset"
[2017.04.03-02.58.07:074][  0]LogPackFactory: Copied "../../../Samples/StarterContent/Content/StarterContent/Particles/P_Smoke.uasset" to "../../../../../../Users/rjp00/Documents/Github/blueprint/sidescroller/Content/StarterContent/Particles/P_Smoke.uasset"
[2017.04.03-02.58.07:081][  0]LogPackFactory: Copied "../../../Samples/StarterContent/Content/StarterContent/Particles/P_Sparks.uasset" to "../../../../../../Users/rjp00/Documents/Github/blueprint/sidescroller/Content/StarterContent/Particles/P_Sparks.uasset"
[2017.04.03-02.58.07:088][  0]LogPackFactory: Copied "../../../Samples/StarterContent/Content/StarterContent/Particles/P_Steam_Lit.uasset" to "../../../../../../Users/rjp00/Documents/Github/blueprint/sidescroller/Content/StarterContent/Particles/P_Steam_Lit.uasset"
[2017.04.03-02.58.07:094][  0]LogPackFactory: Copied "../../../Samples/StarterContent/Content/StarterContent/Particles/Materials/M_Burst.uasset" to "../../../../../../Users/rjp00/Documents/Github/blueprint/sidescroller/Content/StarterContent/Particles/Materials/M_Burst.uasset"
[2017.04.03-02.58.07:101][  0]LogPackFactory: Copied "../../../Samples/StarterContent/Content/StarterContent/Particles/Materials/M_Dust_Particle.uasset" to "../../../../../../Users/rjp00/Documents/Github/blueprint/sidescroller/Content/StarterContent/Particles/Materials/M_Dust_Particle.uasset"
[2017.04.03-02.58.07:107][  0]LogPackFactory: Copied "../../../Samples/StarterContent/Content/StarterContent/Particles/Materials/M_explosion_subUV.uasset" to "../../../../../../Users/rjp00/Documents/Github/blueprint/sidescroller/Content/StarterContent/Particles/Materials/M_explosion_subUV.uasset"
[2017.04.03-02.58.07:113][  0]LogPackFactory: Copied "../../../Samples/StarterContent/Content/StarterContent/Particles/Materials/M_Fire_SubUV.uasset" to "../../../../../../Users/rjp00/Documents/Github/blueprint/sidescroller/Content/StarterContent/Particles/Materials/M_Fire_SubUV.uasset"
[2017.04.03-02.58.07:119][  0]LogPackFactory: Copied "../../../Samples/StarterContent/Content/StarterContent/Particles/Materials/m_flare_01.uasset" to "../../../../../../Users/rjp00/Documents/Github/blueprint/sidescroller/Content/StarterContent/Particles/Materials/m_flare_01.uasset"
[2017.04.03-02.58.07:125][  0]LogPackFactory: Copied "../../../Samples/StarterContent/Content/StarterContent/Particles/Materials/M_Heat_Distortion.uasset" to "../../../../../../Users/rjp00/Documents/Github/blueprint/sidescroller/Content/StarterContent/Particles/Materials/M_Heat_Distortion.uasset"
[2017.04.03-02.58.07:131][  0]LogPackFactory: Copied "../../../Samples/StarterContent/Content/StarterContent/Particles/Materials/M_Radial_Gradient.uasset" to "../../../../../../Users/rjp00/Documents/Github/blueprint/sidescroller/Content/StarterContent/Particles/Materials/M_Radial_Gradient.uasset"
[2017.04.03-02.58.07:137][  0]LogPackFactory: Copied "../../../Samples/StarterContent/Content/StarterContent/Particles/Materials/M_radial_ramp.uasset" to "../../../../../../Users/rjp00/Documents/Github/blueprint/sidescroller/Content/StarterContent/Particles/Materials/M_radial_ramp.uasset"
[2017.04.03-02.58.07:144][  0]LogPackFactory: Copied "../../../Samples/StarterContent/Content/StarterContent/Particles/Materials/M_smoke_subUV.uasset" to "../../../../../../Users/rjp00/Documents/Github/blueprint/sidescroller/Content/StarterContent/Particles/Materials/M_smoke_subUV.uasset"
[2017.04.03-02.58.07:150][  0]LogPackFactory: Copied "../../../Samples/StarterContent/Content/StarterContent/Particles/Materials/M_Spark.uasset" to "../../../../../../Users/rjp00/Documents/Github/blueprint/sidescroller/Content/StarterContent/Particles/Materials/M_Spark.uasset"
[2017.04.03-02.58.07:156][  0]LogPackFactory: Copied "../../../Samples/StarterContent/Content/StarterContent/Props/MaterialSphere.uasset" to "../../../../../../Users/rjp00/Documents/Github/blueprint/sidescroller/Content/StarterContent/Props/MaterialSphere.uasset"
[2017.04.03-02.58.07:163][  0]LogPackFactory: Copied "../../../Samples/StarterContent/Content/StarterContent/Props/SM_Bush.uasset" to "../../../../../../Users/rjp00/Documents/Github/blueprint/sidescroller/Content/StarterContent/Props/SM_Bush.uasset"
[2017.04.03-02.58.07:169][  0]LogPackFactory: Copied "../../../Samples/StarterContent/Content/StarterContent/Props/SM_Chair.uasset" to "../../../../../../Users/rjp00/Documents/Github/blueprint/sidescroller/Content/StarterContent/Props/SM_Chair.uasset"
[2017.04.03-02.58.07:175][  0]LogPackFactory: Copied "../../../Samples/StarterContent/Content/StarterContent/Props/SM_CornerFrame.uasset" to "../../../../../../Users/rjp00/Documents/Github/blueprint/sidescroller/Content/StarterContent/Props/SM_CornerFrame.uasset"
[2017.04.03-02.58.07:182][  0]LogPackFactory: Copied "../../../Samples/StarterContent/Content/StarterContent/Props/SM_Couch.uasset" to "../../../../../../Users/rjp00/Documents/Github/blueprint/sidescroller/Content/StarterContent/Props/SM_Couch.uasset"
[2017.04.03-02.58.07:188][  0]LogPackFactory: Copied "../../../Samples/StarterContent/Content/StarterContent/Props/SM_Door.uasset" to "../../../../../../Users/rjp00/Documents/Github/blueprint/sidescroller/Content/StarterContent/Props/SM_Door.uasset"
[2017.04.03-02.58.07:194][  0]LogPackFactory: Copied "../../../Samples/StarterContent/Content/StarterContent/Props/SM_DoorFrame.uasset" to "../../../../../../Users/rjp00/Documents/Github/blueprint/sidescroller/Content/StarterContent/Props/SM_DoorFrame.uasset"
[2017.04.03-02.58.07:201][  0]LogPackFactory: Copied "../../../Samples/StarterContent/Content/StarterContent/Props/SM_GlassWindow.uasset" to "../../../../../../Users/rjp00/Documents/Github/blueprint/sidescroller/Content/StarterContent/Props/SM_GlassWindow.uasset"
[2017.04.03-02.58.07:216][  0]LogPackFactory: Copied "../../../Samples/StarterContent/Content/StarterContent/Props/SM_Lamp_Ceiling.uasset" to "../../../../../../Users/rjp00/Documents/Github/blueprint/sidescroller/Content/StarterContent/Props/SM_Lamp_Ceiling.uasset"
[2017.04.03-02.58.07:223][  0]LogPackFactory: Copied "../../../Samples/StarterContent/Content/StarterContent/Props/SM_Lamp_Wall.uasset" to "../../../../../../Users/rjp00/Documents/Github/blueprint/sidescroller/Content/StarterContent/Props/SM_Lamp_Wall.uasset"
[2017.04.03-02.58.07:239][  0]LogPackFactory: Copied "../../../Samples/StarterContent/Content/StarterContent/Props/SM_MatPreviewMesh_02.uasset" to "../../../../../../Users/rjp00/Documents/Github/blueprint/sidescroller/Content/StarterContent/Props/SM_MatPreviewMesh_02.uasset"
[2017.04.03-02.58.07:245][  0]LogPackFactory: Copied "../../../Samples/StarterContent/Content/StarterContent/Props/SM_PillarFrame.uasset" to "../../../../../../Users/rjp00/Documents/Github/blueprint/sidescroller/Content/StarterContent/Props/SM_PillarFrame.uasset"
[2017.04.03-02.58.07:252][  0]LogPackFactory: Copied "../../../Samples/StarterContent/Content/StarterContent/Props/SM_PillarFrame300.uasset" to "../../../../../../Users/rjp00/Documents/Github/blueprint/sidescroller/Content/StarterContent/Props/SM_PillarFrame300.uasset"
[2017.04.03-02.58.07:259][  0]LogPackFactory: Copied "../../../Samples/StarterContent/Content/StarterContent/Props/SM_Rock.uasset" to "../../../../../../Users/rjp00/Documents/Github/blueprint/sidescroller/Content/StarterContent/Props/SM_Rock.uasset"
[2017.04.03-02.58.07:265][  0]LogPackFactory: Copied "../../../Samples/StarterContent/Content/StarterContent/Props/SM_Shelf.uasset" to "../../../../../../Users/rjp00/Documents/Github/blueprint/sidescroller/Content/StarterContent/Props/SM_Shelf.uasset"
[2017.04.03-02.58.07:271][  0]LogPackFactory: Copied "../../../Samples/StarterContent/Content/StarterContent/Props/SM_Stairs.uasset" to "../../../../../../Users/rjp00/Documents/Github/blueprint/sidescroller/Content/StarterContent/Props/SM_Stairs.uasset"
[2017.04.03-02.58.07:277][  0]LogPackFactory: Copied "../../../Samples/StarterContent/Content/StarterContent/Props/SM_Statue.uasset" to "../../../../../../Users/rjp00/Documents/Github/blueprint/sidescroller/Content/StarterContent/Props/SM_Statue.uasset"
[2017.04.03-02.58.07:284][  0]LogPackFactory: Copied "../../../Samples/StarterContent/Content/StarterContent/Props/SM_TableRound.uasset" to "../../../../../../Users/rjp00/Documents/Github/blueprint/sidescroller/Content/StarterContent/Props/SM_TableRound.uasset"
[2017.04.03-02.58.07:290][  0]LogPackFactory: Copied "../../../Samples/StarterContent/Content/StarterContent/Props/SM_WindowFrame.uasset" to "../../../../../../Users/rjp00/Documents/Github/blueprint/sidescroller/Content/StarterContent/Props/SM_WindowFrame.uasset"
[2017.04.03-02.58.07:296][  0]LogPackFactory: Copied "../../../Samples/StarterContent/Content/StarterContent/Props/Materials/M_Bush.uasset" to "../../../../../../Users/rjp00/Documents/Github/blueprint/sidescroller/Content/StarterContent/Props/Materials/M_Bush.uasset"
[2017.04.03-02.58.07:302][  0]LogPackFactory: Copied "../../../Samples/StarterContent/Content/StarterContent/Props/Materials/M_Chair.uasset" to "../../../../../../Users/rjp00/Documents/Github/blueprint/sidescroller/Content/StarterContent/Props/Materials/M_Chair.uasset"
[2017.04.03-02.58.07:309][  0]LogPackFactory: Copied "../../../Samples/StarterContent/Content/StarterContent/Props/Materials/M_Door.uasset" to "../../../../../../Users/rjp00/Documents/Github/blueprint/sidescroller/Content/StarterContent/Props/Materials/M_Door.uasset"
[2017.04.03-02.58.07:314][  0]LogPackFactory: Copied "../../../Samples/StarterContent/Content/StarterContent/Props/Materials/M_Frame.uasset" to "../../../../../../Users/rjp00/Documents/Github/blueprint/sidescroller/Content/StarterContent/Props/Materials/M_Frame.uasset"
[2017.04.03-02.58.07:321][  0]LogPackFactory: Copied "../../../Samples/StarterContent/Content/StarterContent/Props/Materials/M_Lamp.uasset" to "../../../../../../Users/rjp00/Documents/Github/blueprint/sidescroller/Content/StarterContent/Props/Materials/M_Lamp.uasset"
[2017.04.03-02.58.07:327][  0]LogPackFactory: Copied "../../../Samples/StarterContent/Content/StarterContent/Props/Materials/M_MaterialSphere.uasset" to "../../../../../../Users/rjp00/Documents/Github/blueprint/sidescroller/Content/StarterContent/Props/Materials/M_MaterialSphere.uasset"
[2017.04.03-02.58.07:333][  0]LogPackFactory: Copied "../../../Samples/StarterContent/Content/StarterContent/Props/Materials/M_MaterialSphere_Plain.uasset" to "../../../../../../Users/rjp00/Documents/Github/blueprint/sidescroller/Content/StarterContent/Props/Materials/M_MaterialSphere_Plain.uasset"
[2017.04.03-02.58.07:339][  0]LogPackFactory: Copied "../../../Samples/StarterContent/Content/StarterContent/Props/Materials/M_Rock.uasset" to "../../../../../../Users/rjp00/Documents/Github/blueprint/sidescroller/Content/StarterContent/Props/Materials/M_Rock.uasset"
[2017.04.03-02.58.07:345][  0]LogPackFactory: Copied "../../../Samples/StarterContent/Content/StarterContent/Props/Materials/M_Shelf.uasset" to "../../../../../../Users/rjp00/Documents/Github/blueprint/sidescroller/Content/StarterContent/Props/Materials/M_Shelf.uasset"
[2017.04.03-02.58.07:352][  0]LogPackFactory: Copied "../../../Samples/StarterContent/Content/StarterContent/Props/Materials/M_Statue.uasset" to "../../../../../../Users/rjp00/Documents/Github/blueprint/sidescroller/Content/StarterContent/Props/Materials/M_Statue.uasset"
[2017.04.03-02.58.07:357][  0]LogPackFactory: Copied "../../../Samples/StarterContent/Content/StarterContent/Props/Materials/M_StatueGlass.uasset" to "../../../../../../Users/rjp00/Documents/Github/blueprint/sidescroller/Content/StarterContent/Props/Materials/M_StatueGlass.uasset"
[2017.04.03-02.58.07:364][  0]LogPackFactory: Copied "../../../Samples/StarterContent/Content/StarterContent/Props/Materials/M_TableRound.uasset" to "../../../../../../Users/rjp00/Documents/Github/blueprint/sidescroller/Content/StarterContent/Props/Materials/M_TableRound.uasset"
[2017.04.03-02.58.07:370][  0]LogPackFactory: Copied "../../../Samples/StarterContent/Content/StarterContent/Shapes/Shape_Cone.uasset" to "../../../../../../Users/rjp00/Documents/Github/blueprint/sidescroller/Content/StarterContent/Shapes/Shape_Cone.uasset"
[2017.04.03-02.58.07:376][  0]LogPackFactory: Copied "../../../Samples/StarterContent/Content/StarterContent/Shapes/Shape_Cube.uasset" to "../../../../../../Users/rjp00/Documents/Github/blueprint/sidescroller/Content/StarterContent/Shapes/Shape_Cube.uasset"
[2017.04.03-02.58.07:382][  0]LogPackFactory: Copied "../../../Samples/StarterContent/Content/StarterContent/Shapes/Shape_Cylinder.uasset" to "../../../../../../Users/rjp00/Documents/Github/blueprint/sidescroller/Content/StarterContent/Shapes/Shape_Cylinder.uasset"
[2017.04.03-02.58.07:389][  0]LogPackFactory: Copied "../../../Samples/StarterContent/Content/StarterContent/Shapes/Shape_NarrowCapsule.uasset" to "../../../../../../Users/rjp00/Documents/Github/blueprint/sidescroller/Content/StarterContent/Shapes/Shape_NarrowCapsule.uasset"
[2017.04.03-02.58.07:395][  0]LogPackFactory: Copied "../../../Samples/StarterContent/Content/StarterContent/Shapes/Shape_Pipe.uasset" to "../../../../../../Users/rjp00/Documents/Github/blueprint/sidescroller/Content/StarterContent/Shapes/Shape_Pipe.uasset"
[2017.04.03-02.58.07:401][  0]LogPackFactory: Copied "../../../Samples/StarterContent/Content/StarterContent/Shapes/Shape_Pipe_180.uasset" to "../../../../../../Users/rjp00/Documents/Github/blueprint/sidescroller/Content/StarterContent/Shapes/Shape_Pipe_180.uasset"
[2017.04.03-02.58.07:407][  0]LogPackFactory: Copied "../../../Samples/StarterContent/Content/StarterContent/Shapes/Shape_Pipe_90.uasset" to "../../../../../../Users/rjp00/Documents/Github/blueprint/sidescroller/Content/StarterContent/Shapes/Shape_Pipe_90.uasset"
[2017.04.03-02.58.07:414][  0]LogPackFactory: Copied "../../../Samples/StarterContent/Content/StarterContent/Shapes/Shape_Plane.uasset" to "../../../../../../Users/rjp00/Documents/Github/blueprint/sidescroller/Content/StarterContent/Shapes/Shape_Plane.uasset"
[2017.04.03-02.58.07:420][  0]LogPackFactory: Copied "../../../Samples/StarterContent/Content/StarterContent/Shapes/Shape_QuadPyramid.uasset" to "../../../../../../Users/rjp00/Documents/Github/blueprint/sidescroller/Content/StarterContent/Shapes/Shape_QuadPyramid.uasset"
[2017.04.03-02.58.07:426][  0]LogPackFactory: Copied "../../../Samples/StarterContent/Content/StarterContent/Shapes/Shape_Sphere.uasset" to "../../../../../../Users/rjp00/Documents/Github/blueprint/sidescroller/Content/StarterContent/Shapes/Shape_Sphere.uasset"
[2017.04.03-02.58.07:432][  0]LogPackFactory: Copied "../../../Samples/StarterContent/Content/StarterContent/Shapes/Shape_Torus.uasset" to "../../../../../../Users/rjp00/Documents/Github/blueprint/sidescroller/Content/StarterContent/Shapes/Shape_Torus.uasset"
[2017.04.03-02.58.07:438][  0]LogPackFactory: Copied "../../../Samples/StarterContent/Content/StarterContent/Shapes/Shape_Trim.uasset" to "../../../../../../Users/rjp00/Documents/Github/blueprint/sidescroller/Content/StarterContent/Shapes/Shape_Trim.uasset"
[2017.04.03-02.58.07:444][  0]LogPackFactory: Copied "../../../Samples/StarterContent/Content/StarterContent/Shapes/Shape_Trim_90_In.uasset" to "../../../../../../Users/rjp00/Documents/Github/blueprint/sidescroller/Content/StarterContent/Shapes/Shape_Trim_90_In.uasset"
[2017.04.03-02.58.07:450][  0]LogPackFactory: Copied "../../../Samples/StarterContent/Content/StarterContent/Shapes/Shape_Trim_90_Out.uasset" to "../../../../../../Users/rjp00/Documents/Github/blueprint/sidescroller/Content/StarterContent/Shapes/Shape_Trim_90_Out.uasset"
[2017.04.03-02.58.07:455][  0]LogPackFactory: Copied "../../../Samples/StarterContent/Content/StarterContent/Shapes/Shape_TriPyramid.uasset" to "../../../../../../Users/rjp00/Documents/Github/blueprint/sidescroller/Content/StarterContent/Shapes/Shape_TriPyramid.uasset"
[2017.04.03-02.58.07:461][  0]LogPackFactory: Copied "../../../Samples/StarterContent/Content/StarterContent/Shapes/Shape_Tube.uasset" to "../../../../../../Users/rjp00/Documents/Github/blueprint/sidescroller/Content/StarterContent/Shapes/Shape_Tube.uasset"
[2017.04.03-02.58.07:467][  0]LogPackFactory: Copied "../../../Samples/StarterContent/Content/StarterContent/Shapes/Shape_Wedge_A.uasset" to "../../../../../../Users/rjp00/Documents/Github/blueprint/sidescroller/Content/StarterContent/Shapes/Shape_Wedge_A.uasset"
[2017.04.03-02.58.07:473][  0]LogPackFactory: Copied "../../../Samples/StarterContent/Content/StarterContent/Shapes/Shape_Wedge_B.uasset" to "../../../../../../Users/rjp00/Documents/Github/blueprint/sidescroller/Content/StarterContent/Shapes/Shape_Wedge_B.uasset"
[2017.04.03-02.58.07:480][  0]LogPackFactory: Copied "../../../Samples/StarterContent/Content/StarterContent/Shapes/Shape_WideCapsule.uasset" to "../../../../../../Users/rjp00/Documents/Github/blueprint/sidescroller/Content/StarterContent/Shapes/Shape_WideCapsule.uasset"
[2017.04.03-02.58.07:500][  0]LogPackFactory: Copied "../../../Samples/StarterContent/Content/StarterContent/Textures/T_Brick_Clay_Beveled_D.uasset" to "../../../../../../Users/rjp00/Documents/Github/blueprint/sidescroller/Content/StarterContent/Textures/T_Brick_Clay_Beveled_D.uasset"
[2017.04.03-02.58.07:520][  0]LogPackFactory: Copied "../../../Samples/StarterContent/Content/StarterContent/Textures/T_Brick_Clay_Beveled_M.uasset" to "../../../../../../Users/rjp00/Documents/Github/blueprint/sidescroller/Content/StarterContent/Textures/T_Brick_Clay_Beveled_M.uasset"
[2017.04.03-02.58.07:538][  0]LogPackFactory: Copied "../../../Samples/StarterContent/Content/StarterContent/Textures/T_Brick_Clay_Beveled_N.uasset" to "../../../../../../Users/rjp00/Documents/Github/blueprint/sidescroller/Content/StarterContent/Textures/T_Brick_Clay_Beveled_N.uasset"
[2017.04.03-02.58.07:557][  0]LogPackFactory: Copied "../../../Samples/StarterContent/Content/StarterContent/Textures/T_Brick_Clay_New_D.uasset" to "../../../../../../Users/rjp00/Documents/Github/blueprint/sidescroller/Content/StarterContent/Textures/T_Brick_Clay_New_D.uasset"
[2017.04.03-02.58.07:579][  0]LogPackFactory: Copied "../../../Samples/StarterContent/Content/StarterContent/Textures/T_Brick_Clay_New_M.uasset" to "../../../../../../Users/rjp00/Documents/Github/blueprint/sidescroller/Content/StarterContent/Textures/T_Brick_Clay_New_M.uasset"
[2017.04.03-02.58.07:599][  0]LogPackFactory: Copied "../../../Samples/StarterContent/Content/StarterContent/Textures/T_Brick_Clay_New_N.uasset" to "../../../../../../Users/rjp00/Documents/Github/blueprint/sidescroller/Content/StarterContent/Textures/T_Brick_Clay_New_N.uasset"
[2017.04.03-02.58.07:622][  0]LogPackFactory: Copied "../../../Samples/StarterContent/Content/StarterContent/Textures/T_Brick_Clay_Old_D.uasset" to "../../../../../../Users/rjp00/Documents/Github/blueprint/sidescroller/Content/StarterContent/Textures/T_Brick_Clay_Old_D.uasset"
[2017.04.03-02.58.07:643][  0]LogPackFactory: Copied "../../../Samples/StarterContent/Content/StarterContent/Textures/T_Brick_Clay_Old_N.uasset" to "../../../../../../Users/rjp00/Documents/Github/blueprint/sidescroller/Content/StarterContent/Textures/T_Brick_Clay_Old_N.uasset"
[2017.04.03-02.58.07:670][  0]LogPackFactory: Copied "../../../Samples/StarterContent/Content/StarterContent/Textures/T_Brick_Cut_Stone_D.uasset" to "../../../../../../Users/rjp00/Documents/Github/blueprint/sidescroller/Content/StarterContent/Textures/T_Brick_Cut_Stone_D.uasset"
[2017.04.03-02.58.07:690][  0]LogPackFactory: Copied "../../../Samples/StarterContent/Content/StarterContent/Textures/T_Brick_Cut_Stone_N.uasset" to "../../../../../../Users/rjp00/Documents/Github/blueprint/sidescroller/Content/StarterContent/Textures/T_Brick_Cut_Stone_N.uasset"
[2017.04.03-02.58.07:708][  0]LogPackFactory: Copied "../../../Samples/StarterContent/Content/StarterContent/Textures/T_Brick_Hewn_Stone_D.uasset" to "../../../../../../Users/rjp00/Documents/Github/blueprint/sidescroller/Content/StarterContent/Textures/T_Brick_Hewn_Stone_D.uasset"
[2017.04.03-02.58.07:725][  0]LogPackFactory: Copied "../../../Samples/StarterContent/Content/StarterContent/Textures/T_Brick_Hewn_Stone_M.uasset" to "../../../../../../Users/rjp00/Documents/Github/blueprint/sidescroller/Content/StarterContent/Textures/T_Brick_Hewn_Stone_M.uasset"
[2017.04.03-02.58.07:746][  0]LogPackFactory: Copied "../../../Samples/StarterContent/Content/StarterContent/Textures/T_Brick_Hewn_Stone_N.uasset" to "../../../../../../Users/rjp00/Documents/Github/blueprint/sidescroller/Content/StarterContent/Textures/T_Brick_Hewn_Stone_N.uasset"
[2017.04.03-02.58.07:752][  0]LogPackFactory: Copied "../../../Samples/StarterContent/Content/StarterContent/Textures/T_Burst_M.uasset" to "../../../../../../Users/rjp00/Documents/Github/blueprint/sidescroller/Content/StarterContent/Textures/T_Burst_M.uasset"
[2017.04.03-02.58.07:759][  0]LogPackFactory: Copied "../../../Samples/StarterContent/Content/StarterContent/Textures/T_Bush_D.uasset" to "../../../../../../Users/rjp00/Documents/Github/blueprint/sidescroller/Content/StarterContent/Textures/T_Bush_D.uasset"
[2017.04.03-02.58.07:766][  0]LogPackFactory: Copied "../../../Samples/StarterContent/Content/StarterContent/Textures/T_Bush_N.uasset" to "../../../../../../Users/rjp00/Documents/Github/blueprint/sidescroller/Content/StarterContent/Textures/T_Bush_N.uasset"
[2017.04.03-02.58.07:773][  0]LogPackFactory: Copied "../../../Samples/StarterContent/Content/StarterContent/Textures/T_Ceramic_Tile_M.uasset" to "../../../../../../Users/rjp00/Documents/Github/blueprint/sidescroller/Content/StarterContent/Textures/T_Ceramic_Tile_M.uasset"
[2017.04.03-02.58.07:780][  0]LogPackFactory: Copied "../../../Samples/StarterContent/Content/StarterContent/Textures/T_Ceramic_Tile_N.uasset" to "../../../../../../Users/rjp00/Documents/Github/blueprint/sidescroller/Content/StarterContent/Textures/T_Ceramic_Tile_N.uasset"
[2017.04.03-02.58.07:787][  0]LogPackFactory: Copied "../../../Samples/StarterContent/Content/StarterContent/Textures/T_Chair_M.uasset" to "../../../../../../Users/rjp00/Documents/Github/blueprint/sidescroller/Content/StarterContent/Textures/T_Chair_M.uasset"
[2017.04.03-02.58.07:800][  0]LogPackFactory: Copied "../../../Samples/StarterContent/Content/StarterContent/Textures/T_Chair_N.uasset" to "../../../../../../Users/rjp00/Documents/Github/blueprint/sidescroller/Content/StarterContent/Textures/T_Chair_N.uasset"
[2017.04.03-02.58.07:808][  0]LogPackFactory: Copied "../../../Samples/StarterContent/Content/StarterContent/Textures/T_Checker_Noise_M.uasset" to "../../../../../../Users/rjp00/Documents/Github/blueprint/sidescroller/Content/StarterContent/Textures/T_Checker_Noise_M.uasset"
[2017.04.03-02.58.07:834][  0]LogPackFactory: Copied "../../../Samples/StarterContent/Content/StarterContent/Textures/T_CobbleStone_Pebble_D.uasset" to "../../../../../../Users/rjp00/Documents/Github/blueprint/sidescroller/Content/StarterContent/Textures/T_CobbleStone_Pebble_D.uasset"
[2017.04.03-02.58.07:844][  0]LogPackFactory: Copied "../../../Samples/StarterContent/Content/StarterContent/Textures/T_CobbleStone_Pebble_M.uasset" to "../../../../../../Users/rjp00/Documents/Github/blueprint/sidescroller/Content/StarterContent/Textures/T_CobbleStone_Pebble_M.uasset"
[2017.04.03-02.58.07:871][  0]LogPackFactory: Copied "../../../Samples/StarterContent/Content/StarterContent/Textures/T_CobbleStone_Pebble_N.uasset" to "../../../../../../Users/rjp00/Documents/Github/blueprint/sidescroller/Content/StarterContent/Textures/T_CobbleStone_Pebble_N.uasset"
[2017.04.03-02.58.07:882][  0]LogPackFactory: Copied "../../../Samples/StarterContent/Content/StarterContent/Textures/T_CobbleStone_Rough_D.uasset" to "../../../../../../Users/rjp00/Documents/Github/blueprint/sidescroller/Content/StarterContent/Textures/T_CobbleStone_Rough_D.uasset"
[2017.04.03-02.58.07:894][  0]LogPackFactory: Copied "../../../Samples/StarterContent/Content/StarterContent/Textures/T_CobbleStone_Rough_N.uasset" to "../../../../../../Users/rjp00/Documents/Github/blueprint/sidescroller/Content/StarterContent/Textures/T_CobbleStone_Rough_N.uasset"
[2017.04.03-02.58.07:911][  0]LogPackFactory: Copied "../../../Samples/StarterContent/Content/StarterContent/Textures/T_CobbleStone_Smooth_D.uasset" to "../../../../../../Users/rjp00/Documents/Github/blueprint/sidescroller/Content/StarterContent/Textures/T_CobbleStone_Smooth_D.uasset"
[2017.04.03-02.58.07:927][  0]LogPackFactory: Copied "../../../Samples/StarterContent/Content/StarterContent/Textures/T_CobbleStone_Smooth_M.uasset" to "../../../../../../Users/rjp00/Documents/Github/blueprint/sidescroller/Content/StarterContent/Textures/T_CobbleStone_Smooth_M.uasset"
[2017.04.03-02.58.07:948][  0]LogPackFactory: Copied "../../../Samples/StarterContent/Content/StarterContent/Textures/T_CobbleStone_Smooth_N.uasset" to "../../../../../../Users/rjp00/Documents/Github/blueprint/sidescroller/Content/StarterContent/Textures/T_CobbleStone_Smooth_N.uasset"
[2017.04.03-02.58.07:972][  0]LogPackFactory: Copied "../../../Samples/StarterContent/Content/StarterContent/Textures/T_Concrete_Grime_D.uasset" to "../../../../../../Users/rjp00/Documents/Github/blueprint/sidescroller/Content/StarterContent/Textures/T_Concrete_Grime_D.uasset"
[2017.04.03-02.58.07:993][  0]LogPackFactory: Copied "../../../Samples/StarterContent/Content/StarterContent/Textures/T_Concrete_Panels_D.uasset" to "../../../../../../Users/rjp00/Documents/Github/blueprint/sidescroller/Content/StarterContent/Textures/T_Concrete_Panels_D.uasset"
[2017.04.03-02.58.08:011][  0]LogPackFactory: Copied "../../../Samples/StarterContent/Content/StarterContent/Textures/T_Concrete_Panels_N.uasset" to "../../../../../../Users/rjp00/Documents/Github/blueprint/sidescroller/Content/StarterContent/Textures/T_Concrete_Panels_N.uasset"
[2017.04.03-02.58.08:036][  0]LogPackFactory: Copied "../../../Samples/StarterContent/Content/StarterContent/Textures/T_Concrete_Poured_D.uasset" to "../../../../../../Users/rjp00/Documents/Github/blueprint/sidescroller/Content/StarterContent/Textures/T_Concrete_Poured_D.uasset"
[2017.04.03-02.58.08:053][  0]LogPackFactory: Copied "../../../Samples/StarterContent/Content/StarterContent/Textures/T_Concrete_Poured_N.uasset" to "../../../../../../Users/rjp00/Documents/Github/blueprint/sidescroller/Content/StarterContent/Textures/T_Concrete_Poured_N.uasset"
[2017.04.03-02.58.08:069][  0]LogPackFactory: Copied "../../../Samples/StarterContent/Content/StarterContent/Textures/T_Concrete_Tiles_D.uasset" to "../../../../../../Users/rjp00/Documents/Github/blueprint/sidescroller/Content/StarterContent/Textures/T_Concrete_Tiles_D.uasset"
[2017.04.03-02.58.08:084][  0]LogPackFactory: Copied "../../../Samples/StarterContent/Content/StarterContent/Textures/T_Concrete_Tiles_M.uasset" to "../../../../../../Users/rjp00/Documents/Github/blueprint/sidescroller/Content/StarterContent/Textures/T_Concrete_Tiles_M.uasset"
[2017.04.03-02.58.08:102][  0]LogPackFactory: Copied "../../../Samples/StarterContent/Content/StarterContent/Textures/T_Concrete_Tiles_N.uasset" to "../../../../../../Users/rjp00/Documents/Github/blueprint/sidescroller/Content/StarterContent/Textures/T_Concrete_Tiles_N.uasset"
[2017.04.03-02.58.08:105][  0]LogPackFactory: Copied "../../../Samples/StarterContent/Content/StarterContent/Textures/T_Concrete_Tiles_Variation_M.uasset" to "../../../../../../Users/rjp00/Documents/Github/blueprint/sidescroller/Content/StarterContent/Textures/T_Concrete_Tiles_Variation_M.uasset"
[2017.04.03-02.58.08:116][  0]LogPackFactory: Copied "../../../Samples/StarterContent/Content/StarterContent/Textures/T_Detail_Rocky_N.uasset" to "../../../../../../Users/rjp00/Documents/Github/blueprint/sidescroller/Content/StarterContent/Textures/T_Detail_Rocky_N.uasset"
[2017.04.03-02.58.08:123][  0]LogPackFactory: Copied "../../../Samples/StarterContent/Content/StarterContent/Textures/T_Door_M.uasset" to "../../../../../../Users/rjp00/Documents/Github/blueprint/sidescroller/Content/StarterContent/Textures/T_Door_M.uasset"
[2017.04.03-02.58.08:130][  0]LogPackFactory: Copied "../../../Samples/StarterContent/Content/StarterContent/Textures/T_Door_N.uasset" to "../../../../../../Users/rjp00/Documents/Github/blueprint/sidescroller/Content/StarterContent/Textures/T_Door_N.uasset"
[2017.04.03-02.58.08:136][  0]LogPackFactory: Copied "../../../Samples/StarterContent/Content/StarterContent/Textures/T_Dust_Particle_D.uasset" to "../../../../../../Users/rjp00/Documents/Github/blueprint/sidescroller/Content/StarterContent/Textures/T_Dust_Particle_D.uasset"
[2017.04.03-02.58.08:148][  0]LogPackFactory: Copied "../../../Samples/StarterContent/Content/StarterContent/Textures/T_Explosion_SubUV.uasset" to "../../../../../../Users/rjp00/Documents/Github/blueprint/sidescroller/Content/StarterContent/Textures/T_Explosion_SubUV.uasset"
[2017.04.03-02.58.08:155][  0]LogPackFactory: Copied "../../../Samples/StarterContent/Content/StarterContent/Textures/T_Fire_SubUV.uasset" to "../../../../../../Users/rjp00/Documents/Github/blueprint/sidescroller/Content/StarterContent/Textures/T_Fire_SubUV.uasset"
[2017.04.03-02.58.08:162][  0]LogPackFactory: Copied "../../../Samples/StarterContent/Content/StarterContent/Textures/T_Fire_Tiled_D.uasset" to "../../../../../../Users/rjp00/Documents/Github/blueprint/sidescroller/Content/StarterContent/Textures/T_Fire_Tiled_D.uasset"
[2017.04.03-02.58.08:169][  0]LogPackFactory: Copied "../../../Samples/StarterContent/Content/StarterContent/Textures/T_Frame_M.uasset" to "../../../../../../Users/rjp00/Documents/Github/blueprint/sidescroller/Content/StarterContent/Textures/T_Frame_M.uasset"
[2017.04.03-02.58.08:178][  0]LogPackFactory: Copied "../../../Samples/StarterContent/Content/StarterContent/Textures/T_Frame_N.uasset" to "../../../../../../Users/rjp00/Documents/Github/blueprint/sidescroller/Content/StarterContent/Textures/T_Frame_N.uasset"
[2017.04.03-02.58.08:182][  0]LogPackFactory: Copied "../../../Samples/StarterContent/Content/StarterContent/Textures/T_Gradinet_01.uasset" to "../../../../../../Users/rjp00/Documents/Github/blueprint/sidescroller/Content/StarterContent/Textures/T_Gradinet_01.uasset"
[2017.04.03-02.58.08:208][  0]LogPackFactory: Copied "../../../Samples/StarterContent/Content/StarterContent/Textures/T_Ground_Grass_D.uasset" to "../../../../../../Users/rjp00/Documents/Github/blueprint/sidescroller/Content/StarterContent/Textures/T_Ground_Grass_D.uasset"
[2017.04.03-02.58.08:232][  0]LogPackFactory: Copied "../../../Samples/StarterContent/Content/StarterContent/Textures/T_Ground_Grass_N.uasset" to "../../../../../../Users/rjp00/Documents/Github/blueprint/sidescroller/Content/StarterContent/Textures/T_Ground_Grass_N.uasset"
[2017.04.03-02.58.08:257][  0]LogPackFactory: Copied "../../../Samples/StarterContent/Content/StarterContent/Textures/T_Ground_Gravel_D.uasset" to "../../../../../../Users/rjp00/Documents/Github/blueprint/sidescroller/Content/StarterContent/Textures/T_Ground_Gravel_D.uasset"
[2017.04.03-02.58.08:275][  0]LogPackFactory: Copied "../../../Samples/StarterContent/Content/StarterContent/Textures/T_Ground_Gravel_N.uasset" to "../../../../../../Users/rjp00/Documents/Github/blueprint/sidescroller/Content/StarterContent/Textures/T_Ground_Gravel_N.uasset"
[2017.04.03-02.58.08:302][  0]LogPackFactory: Copied "../../../Samples/StarterContent/Content/StarterContent/Textures/T_ground_Moss_D.uasset" to "../../../../../../Users/rjp00/Documents/Github/blueprint/sidescroller/Content/StarterContent/Textures/T_ground_Moss_D.uasset"
[2017.04.03-02.58.08:323][  0]LogPackFactory: Copied "../../../Samples/StarterContent/Content/StarterContent/Textures/T_Ground_Moss_N.uasset" to "../../../../../../Users/rjp00/Documents/Github/blueprint/sidescroller/Content/StarterContent/Textures/T_Ground_Moss_N.uasset"
[2017.04.03-02.58.08:330][  0]LogPackFactory: Copied "../../../Samples/StarterContent/Content/StarterContent/Textures/T_Lamp_M.uasset" to "../../../../../../Users/rjp00/Documents/Github/blueprint/sidescroller/Content/StarterContent/Textures/T_Lamp_M.uasset"
[2017.04.03-02.58.08:340][  0]LogPackFactory: Copied "../../../Samples/StarterContent/Content/StarterContent/Textures/T_Lamp_N.uasset" to "../../../../../../Users/rjp00/Documents/Github/blueprint/sidescroller/Content/StarterContent/Textures/T_Lamp_N.uasset"
[2017.04.03-02.58.08:363][  0]LogPackFactory: Copied "../../../Samples/StarterContent/Content/StarterContent/Textures/T_MacroVariation.uasset" to "../../../../../../Users/rjp00/Documents/Github/blueprint/sidescroller/Content/StarterContent/Textures/T_MacroVariation.uasset"
[2017.04.03-02.58.08:384][  0]LogPackFactory: Copied "../../../Samples/StarterContent/Content/StarterContent/Textures/T_Metal_Aluminum_D.uasset" to "../../../../../../Users/rjp00/Documents/Github/blueprint/sidescroller/Content/StarterContent/Textures/T_Metal_Aluminum_D.uasset"
[2017.04.03-02.58.08:405][  0]LogPackFactory: Copied "../../../Samples/StarterContent/Content/StarterContent/Textures/T_Metal_Copper_D.uasset" to "../../../../../../Users/rjp00/Documents/Github/blueprint/sidescroller/Content/StarterContent/Textures/T_Metal_Copper_D.uasset"
[2017.04.03-02.58.08:427][  0]LogPackFactory: Copied "../../../Samples/StarterContent/Content/StarterContent/Textures/T_Metal_Gold_D.uasset" to "../../../../../../Users/rjp00/Documents/Github/blueprint/sidescroller/Content/StarterContent/Textures/T_Metal_Gold_D.uasset"
[2017.04.03-02.58.08:438][  0]LogPackFactory: Copied "../../../Samples/StarterContent/Content/StarterContent/Textures/T_Metal_Gold_N.uasset" to "../../../../../../Users/rjp00/Documents/Github/blueprint/sidescroller/Content/StarterContent/Textures/T_Metal_Gold_N.uasset"
[2017.04.03-02.58.08:460][  0]LogPackFactory: Copied "../../../Samples/StarterContent/Content/StarterContent/Textures/T_Metal_Rust_D.uasset" to "../../../../../../Users/rjp00/Documents/Github/blueprint/sidescroller/Content/StarterContent/Textures/T_Metal_Rust_D.uasset"
[2017.04.03-02.58.08:479][  0]LogPackFactory: Copied "../../../Samples/StarterContent/Content/StarterContent/Textures/T_Metal_Rust_N.uasset" to "../../../../../../Users/rjp00/Documents/Github/blueprint/sidescroller/Content/StarterContent/Textures/T_Metal_Rust_N.uasset"
[2017.04.03-02.58.08:494][  0]LogPackFactory: Copied "../../../Samples/StarterContent/Content/StarterContent/Textures/T_Metal_Steel_D.uasset" to "../../../../../../Users/rjp00/Documents/Github/blueprint/sidescroller/Content/StarterContent/Textures/T_Metal_Steel_D.uasset"
[2017.04.03-02.58.08:508][  0]LogPackFactory: Copied "../../../Samples/StarterContent/Content/StarterContent/Textures/T_Metal_Steel_N.uasset" to "../../../../../../Users/rjp00/Documents/Github/blueprint/sidescroller/Content/StarterContent/Textures/T_Metal_Steel_N.uasset"
[2017.04.03-02.58.08:527][  0]LogPackFactory: Copied "../../../Samples/StarterContent/Content/StarterContent/Textures/T_Perlin_Noise_M.uasset" to "../../../../../../Users/rjp00/Documents/Github/blueprint/sidescroller/Content/StarterContent/Textures/T_Perlin_Noise_M.uasset"
[2017.04.03-02.58.08:538][  0]LogPackFactory: Copied "../../../Samples/StarterContent/Content/StarterContent/Textures/T_RockMesh_M.uasset" to "../../../../../../Users/rjp00/Documents/Github/blueprint/sidescroller/Content/StarterContent/Textures/T_RockMesh_M.uasset"
[2017.04.03-02.58.08:554][  0]LogPackFactory: Copied "../../../Samples/StarterContent/Content/StarterContent/Textures/T_RockMesh_N.uasset" to "../../../../../../Users/rjp00/Documents/Github/blueprint/sidescroller/Content/StarterContent/Textures/T_RockMesh_N.uasset"
[2017.04.03-02.58.08:575][  0]LogPackFactory: Copied "../../../Samples/StarterContent/Content/StarterContent/Textures/T_Rock_Basalt_D.uasset" to "../../../../../../Users/rjp00/Documents/Github/blueprint/sidescroller/Content/StarterContent/Textures/T_Rock_Basalt_D.uasset"
[2017.04.03-02.58.08:599][  0]LogPackFactory: Copied "../../../Samples/StarterContent/Content/StarterContent/Textures/T_Rock_Basalt_N.uasset" to "../../../../../../Users/rjp00/Documents/Github/blueprint/sidescroller/Content/StarterContent/Textures/T_Rock_Basalt_N.uasset"
[2017.04.03-02.58.08:622][  0]LogPackFactory: Copied "../../../Samples/StarterContent/Content/StarterContent/Textures/T_Rock_Marble_Polished_D.uasset" to "../../../../../../Users/rjp00/Documents/Github/blueprint/sidescroller/Content/StarterContent/Textures/T_Rock_Marble_Polished_D.uasset"
[2017.04.03-02.58.08:652][  0]LogPackFactory: Copied "../../../Samples/StarterContent/Content/StarterContent/Textures/T_Rock_Sandstone_D.uasset" to "../../../../../../Users/rjp00/Documents/Github/blueprint/sidescroller/Content/StarterContent/Textures/T_Rock_Sandstone_D.uasset"
[2017.04.03-02.58.08:674][  0]LogPackFactory: Copied "../../../Samples/StarterContent/Content/StarterContent/Textures/T_Rock_Sandstone_N.uasset" to "../../../../../../Users/rjp00/Documents/Github/blueprint/sidescroller/Content/StarterContent/Textures/T_Rock_Sandstone_N.uasset"
[2017.04.03-02.58.08:703][  0]LogPackFactory: Copied "../../../Samples/StarterContent/Content/StarterContent/Textures/T_Rock_Slate_D.uasset" to "../../../../../../Users/rjp00/Documents/Github/blueprint/sidescroller/Content/StarterContent/Textures/T_Rock_Slate_D.uasset"
[2017.04.03-02.58.08:734][  0]LogPackFactory: Copied "../../../Samples/StarterContent/Content/StarterContent/Textures/T_Rock_Slate_N.uasset" to "../../../../../../Users/rjp00/Documents/Github/blueprint/sidescroller/Content/StarterContent/Textures/T_Rock_Slate_N.uasset"
[2017.04.03-02.58.08:762][  0]LogPackFactory: Copied "../../../Samples/StarterContent/Content/StarterContent/Textures/T_Rock_Smooth_Granite_D.uasset" to "../../../../../../Users/rjp00/Documents/Github/blueprint/sidescroller/Content/StarterContent/Textures/T_Rock_Smooth_Granite_D.uasset"
[2017.04.03-02.58.08:769][  0]LogPackFactory: Copied "../../../Samples/StarterContent/Content/StarterContent/Textures/T_Shelf_M.uasset" to "../../../../../../Users/rjp00/Documents/Github/blueprint/sidescroller/Content/StarterContent/Textures/T_Shelf_M.uasset"
[2017.04.03-02.58.08:778][  0]LogPackFactory: Copied "../../../Samples/StarterContent/Content/StarterContent/Textures/T_Shelf_N.uasset" to "../../../../../../Users/rjp00/Documents/Github/blueprint/sidescroller/Content/StarterContent/Textures/T_Shelf_N.uasset"
[2017.04.03-02.58.08:782][  0]LogPackFactory: Copied "../../../Samples/StarterContent/Content/StarterContent/Textures/T_Single_Tile_N.uasset" to "../../../../../../Users/rjp00/Documents/Github/blueprint/sidescroller/Content/StarterContent/Textures/T_Single_Tile_N.uasset"
[2017.04.03-02.58.08:794][  0]LogPackFactory: Copied "../../../Samples/StarterContent/Content/StarterContent/Textures/T_Smoke_SubUV.uasset" to "../../../../../../Users/rjp00/Documents/Github/blueprint/sidescroller/Content/StarterContent/Textures/T_Smoke_SubUV.uasset"
[2017.04.03-02.58.08:800][  0]LogPackFactory: Copied "../../../Samples/StarterContent/Content/StarterContent/Textures/T_Smoke_Tiled_D.uasset" to "../../../../../../Users/rjp00/Documents/Github/blueprint/sidescroller/Content/StarterContent/Textures/T_Smoke_Tiled_D.uasset"
[2017.04.03-02.58.08:807][  0]LogPackFactory: Copied "../../../Samples/StarterContent/Content/StarterContent/Textures/T_Spark_Core.uasset" to "../../../../../../Users/rjp00/Documents/Github/blueprint/sidescroller/Content/StarterContent/Textures/T_Spark_Core.uasset"
[2017.04.03-02.58.08:814][  0]LogPackFactory: Copied "../../../Samples/StarterContent/Content/StarterContent/Textures/T_Statue_M.uasset" to "../../../../../../Users/rjp00/Documents/Github/blueprint/sidescroller/Content/StarterContent/Textures/T_Statue_M.uasset"
[2017.04.03-02.58.08:822][  0]LogPackFactory: Copied "../../../Samples/StarterContent/Content/StarterContent/Textures/T_Statue_N.uasset" to "../../../../../../Users/rjp00/Documents/Github/blueprint/sidescroller/Content/StarterContent/Textures/T_Statue_N.uasset"
[2017.04.03-02.58.08:830][  0]LogPackFactory: Copied "../../../Samples/StarterContent/Content/StarterContent/Textures/T_TableRound_M.uasset" to "../../../../../../Users/rjp00/Documents/Github/blueprint/sidescroller/Content/StarterContent/Textures/T_TableRound_M.uasset"
[2017.04.03-02.58.08:838][  0]LogPackFactory: Copied "../../../Samples/StarterContent/Content/StarterContent/Textures/T_TableRound_N.uasset" to "../../../../../../Users/rjp00/Documents/Github/blueprint/sidescroller/Content/StarterContent/Textures/T_TableRound_N.uasset"
[2017.04.03-02.58.08:845][  0]LogPackFactory: Copied "../../../Samples/StarterContent/Content/StarterContent/Textures/T_Tech_Dot_M.uasset" to "../../../../../../Users/rjp00/Documents/Github/blueprint/sidescroller/Content/StarterContent/Textures/T_Tech_Dot_M.uasset"
[2017.04.03-02.58.08:853][  0]LogPackFactory: Copied "../../../Samples/StarterContent/Content/StarterContent/Textures/T_Tech_Dot_N.uasset" to "../../../../../../Users/rjp00/Documents/Github/blueprint/sidescroller/Content/StarterContent/Textures/T_Tech_Dot_N.uasset"
[2017.04.03-02.58.08:860][  0]LogPackFactory: Copied "../../../Samples/StarterContent/Content/StarterContent/Textures/T_Tech_Hex_Tile_M.uasset" to "../../../../../../Users/rjp00/Documents/Github/blueprint/sidescroller/Content/StarterContent/Textures/T_Tech_Hex_Tile_M.uasset"
[2017.04.03-02.58.08:867][  0]LogPackFactory: Copied "../../../Samples/StarterContent/Content/StarterContent/Textures/T_Tech_Hex_Tile_N.uasset" to "../../../../../../Users/rjp00/Documents/Github/blueprint/sidescroller/Content/StarterContent/Textures/T_Tech_Hex_Tile_N.uasset"
[2017.04.03-02.58.08:879][  0]LogPackFactory: Copied "../../../Samples/StarterContent/Content/StarterContent/Textures/T_Tech_Panel_M.uasset" to "../../../../../../Users/rjp00/Documents/Github/blueprint/sidescroller/Content/StarterContent/Textures/T_Tech_Panel_M.uasset"
[2017.04.03-02.58.08:888][  0]LogPackFactory: Copied "../../../Samples/StarterContent/Content/StarterContent/Textures/T_Tech_Panel_N.uasset" to "../../../../../../Users/rjp00/Documents/Github/blueprint/sidescroller/Content/StarterContent/Textures/T_Tech_Panel_N.uasset"
[2017.04.03-02.58.08:899][  0]LogPackFactory: Copied "../../../Samples/StarterContent/Content/StarterContent/Textures/T_Water_M.uasset" to "../../../../../../Users/rjp00/Documents/Github/blueprint/sidescroller/Content/StarterContent/Textures/T_Water_M.uasset"
[2017.04.03-02.58.08:910][  0]LogPackFactory: Copied "../../../Samples/StarterContent/Content/StarterContent/Textures/T_Water_N.uasset" to "../../../../../../Users/rjp00/Documents/Github/blueprint/sidescroller/Content/StarterContent/Textures/T_Water_N.uasset"
[2017.04.03-02.58.08:924][  0]LogPackFactory: Copied "../../../Samples/StarterContent/Content/StarterContent/Textures/T_Wood_Floor_Walnut_D.uasset" to "../../../../../../Users/rjp00/Documents/Github/blueprint/sidescroller/Content/StarterContent/Textures/T_Wood_Floor_Walnut_D.uasset"
[2017.04.03-02.58.08:936][  0]LogPackFactory: Copied "../../../Samples/StarterContent/Content/StarterContent/Textures/T_Wood_Floor_Walnut_M.uasset" to "../../../../../../Users/rjp00/Documents/Github/blueprint/sidescroller/Content/StarterContent/Textures/T_Wood_Floor_Walnut_M.uasset"
[2017.04.03-02.58.08:948][  0]LogPackFactory: Copied "../../../Samples/StarterContent/Content/StarterContent/Textures/T_Wood_Floor_Walnut_N.uasset" to "../../../../../../Users/rjp00/Documents/Github/blueprint/sidescroller/Content/StarterContent/Textures/T_Wood_Floor_Walnut_N.uasset"
[2017.04.03-02.58.08:964][  0]LogPackFactory: Copied "../../../Samples/StarterContent/Content/StarterContent/Textures/T_Wood_Oak_D.uasset" to "../../../../../../Users/rjp00/Documents/Github/blueprint/sidescroller/Content/StarterContent/Textures/T_Wood_Oak_D.uasset"
[2017.04.03-02.58.08:980][  0]LogPackFactory: Copied "../../../Samples/StarterContent/Content/StarterContent/Textures/T_Wood_Oak_N.uasset" to "../../../../../../Users/rjp00/Documents/Github/blueprint/sidescroller/Content/StarterContent/Textures/T_Wood_Oak_N.uasset"
[2017.04.03-02.58.09:002][  0]LogPackFactory: Copied "../../../Samples/StarterContent/Content/StarterContent/Textures/T_Wood_Pine_D.uasset" to "../../../../../../Users/rjp00/Documents/Github/blueprint/sidescroller/Content/StarterContent/Textures/T_Wood_Pine_D.uasset"
[2017.04.03-02.58.09:016][  0]LogPackFactory: Copied "../../../Samples/StarterContent/Content/StarterContent/Textures/T_Wood_Pine_N.uasset" to "../../../../../../Users/rjp00/Documents/Github/blueprint/sidescroller/Content/StarterContent/Textures/T_Wood_Pine_N.uasset"
[2017.04.03-02.58.09:033][  0]LogPackFactory: Copied "../../../Samples/StarterContent/Content/StarterContent/Textures/T_Wood_Walnut_D.uasset" to "../../../../../../Users/rjp00/Documents/Github/blueprint/sidescroller/Content/StarterContent/Textures/T_Wood_Walnut_D.uasset"
[2017.04.03-02.58.09:044][  0]LogPackFactory: Copied "../../../Samples/StarterContent/Content/StarterContent/Textures/T_Wood_Walnut_N.uasset" to "../../../../../../Users/rjp00/Documents/Github/blueprint/sidescroller/Content/StarterContent/Textures/T_Wood_Walnut_N.uasset"
[2017.04.03-02.58.09:164][  0]LogRenderer: Reallocating scene render targets to support 256x256 NumSamples 1 (Frame:2).
[2017.04.03-02.58.09:345][  0]LogSavePackage: Save=14.15ms
[2017.04.03-02.58.09:345][  0]LogSavePackage: Moving '../../../../../../Users/rjp00/Documents/Github/blueprint/sidescroller/Saved/Floor_400x400042B2D3F4FF05AD492A6179DD48E3C5C.tmp' to '../../../../../../Users/rjp00/Documents/Github/blueprint/sidescroller/Content/StarterContent/Architecture/Floor_400x400.uasset'
[2017.04.03-02.58.09:349][  0]LogSavePackage:Display: Finished SavePackage ../../../../../../Users/rjp00/Documents/Github/blueprint/sidescroller/Content/StarterContent/Architecture/Floor_400x400.uasset
[2017.04.03-02.58.09:349][  0]LogFeaturePack:Warning: Inserted 1 feature packs
[2017.04.03-02.58.09:352][  0]Cmd: MAP LOAD FILE="../../../../../../Users/rjp00/Documents/Github/blueprint/sidescroller/Content/SideScrollerBP/Maps/SideScrollerExampleMap.umap" TEMPLATE=0 SHOWPROGRESS=1 FEATURELEVEL=3
[2017.04.03-02.58.09:353][  0]LightingResults: New page: Lighting Build
[2017.04.03-02.58.09:397][  0]MapCheck: New page: Map Check
[2017.04.03-02.58.09:397][  0]LightingResults: New page: Lighting Build
[2017.04.03-02.58.09:767][  0]LogAIModule: Creating AISystem for world SideScrollerExampleMap
[2017.04.03-02.58.09:779][  0]LogEditorServer: Finished looking for orphan Actors (0.000 secs)
[2017.04.03-02.58.09:779][  0]Cmd: MAP CHECKDEP NOCLEARLOG
[2017.04.03-02.58.09:824][  0]MapCheck: Info Map check complete: 0 Error(s), 0 Warning(s), took 44.644ms to complete.
[2017.04.03-02.58.09:824][  0]LogFileHelpers: Loading map 'SideScrollerExampleMap' took 0.471
[2017.04.03-02.58.10:130][  0]LogCollectionManager: Loaded 0 collections in 0.001361 seconds
[2017.04.03-02.58.10:223][  0]LogFileCache: Scanning file cache for directory 'C:/Users/rjp00/Documents/Github/blueprint/sidescroller/Saved/Collections/' took 0.01s
[2017.04.03-02.58.10:223][  0]LogFileCache: Scanning file cache for directory 'C:/Users/rjp00/Documents/Github/blueprint/sidescroller/Content/Developers/rjp00/Collections/' took 0.01s
[2017.04.03-02.58.10:223][  0]LogFileCache: Scanning file cache for directory 'C:/Users/rjp00/Documents/Github/blueprint/sidescroller/Content/Collections/' took 0.01s
[2017.04.03-02.58.10:223][  0]LogCollectionManager: Rebuilt the GUID cache for 0 collections in 0.000002 seconds
[2017.04.03-02.58.10:233][  0]LogContentBrowser: Native class hierarchy populated in 0.0083 seconds. Added 2245 classes and 453 folders.
[2017.04.03-02.58.10:238][  0]LogStats: UGameplayTagsManager::ConstructGameplayTagTree: Construct from data asset -  0.000 s
[2017.04.03-02.58.10:239][  0]LogStats: UGameplayTagsManager::ConstructGameplayTagTree: GameplayTagTreeChangedEvent.Broadcast -  0.000 s
[2017.04.03-02.58.10:295][  0]LogContentBrowser: Native class hierarchy updated for 'WidgetCarousel' in 0.0004 seconds. Added 0 classes and 0 folders.
[2017.04.03-02.58.10:324][  0]LogContentBrowser: Native class hierarchy updated for 'AddContentDialog' in 0.0004 seconds. Added 0 classes and 0 folders.
[2017.04.03-02.58.10:367][  0]LogContentBrowser: Native class hierarchy updated for 'SceneOutliner' in 0.0004 seconds. Added 1 classes and 2 folders.
[2017.04.03-02.58.10:431][  0]LogCrashTracker: Crashtracker disabled due to settings.
[2017.04.03-02.58.10:540][  0]LogContentBrowser: Native class hierarchy updated for 'HierarchicalLODOutliner' in 0.0008 seconds. Added 1 classes and 2 folders.
[2017.04.03-02.58.10:540][  0]LogLoad: (Engine Initialization) Total time: 17.22 seconds
[2017.04.03-02.58.10:540][  0]LogLoad: (Engine Initialization) Total Blueprint compile time: 0.13 seconds
[2017.04.03-02.58.10:540][  0]LogExternalProfiler: Found external profiler: VSPerf
[2017.04.03-02.58.10:540][  0]LogExternalProfiler: Using external profiler: VSPerf
[2017.04.03-02.58.10:552][  0]LogWindowsTextInputMethodSystem:Display: IME system now deactivated.
[2017.04.03-02.58.10:553][  0]LogOcInput: OculusInput pre-init called
[2017.04.03-02.58.10:578][  0]LogContentStreaming: Texture pool size now 1000 MB
[2017.04.03-02.58.10:579][  0]LogSlate: Took 0.000205 seconds to synchronously load lazily loaded font '../../../Engine/Content/Slate/Fonts/Roboto-Regular.ttf' (155K)
[2017.04.03-02.58.10:583][  0]LogSlate: Took 0.000229 seconds to synchronously load lazily loaded font '../../../Engine/Content/Slate/Fonts/Roboto-Bold.ttf' (160K)
[2017.04.03-02.58.10:593][  0]LogSlate: Took 0.004511 seconds to synchronously load lazily loaded font '../../../Engine/Content/Editor/Slate/Fonts/FontAwesome.ttf' (139K)
[2017.04.03-02.58.10:787][  0]LogRenderer: Reallocating scene render targets to support 1616x816 NumSamples 1 (Frame:3).
[2017.04.03-02.58.10:950][  1]LogAssetRegistry: Asset discovery search completed in 11.8138 seconds
[2017.04.03-02.58.10:950][  1]LogCollectionManager: Rebuilt the object cache for 0 collections in 0.000004 seconds (found 0 objects)
[2017.04.03-02.58.10:950][  1]LogCollectionManager: Fixed up redirectors for 0 collections in 0.000016 seconds (updated 0 objects)
[2017.04.03-02.58.49:962][ 10]LogEditorViewport: Clicking on Actor (LMB): Actor (Actor)
[2017.04.03-02.58.55:879][643]LogEditorViewport: Clicking on Actor (LMB): StaticMeshActor (Wall3)
[2017.04.03-02.59.00:261][107]LogEditorViewport: Clicking on Actor (LMB): Actor (Actor)
[2017.04.03-02.59.17:218][ 89]LogSlate: Took 0.006073 seconds to synchronously load lazily loaded font '../../../Engine/Content/Editor/Slate/Fonts/Roboto-Italic.ttf' (157K)
[2017.04.03-03.00.01:916][147]LogEditorViewport: Clicking on Actor (LMB): Actor (LaunchPad)
[2017.04.03-03.00.21:911][449]LogEditorViewport: Clicking on Actor (LMB): StaticMeshActor (Wall3)
[2017.04.03-03.00.23:050][576]LogEditorViewport: Clicking on Actor (LMB): StaticMeshActor (Wall3)
[2017.04.03-03.00.23:515][629]LogEditorViewport: Clicking on Actor (LMB): StaticMeshActor (Wall3)
[2017.04.03-03.00.27:680][ 86]LogEditorViewport: Clicking on Actor (LMB): Actor (LaunchPad)
[2017.04.03-03.00.29:154][257]LogEditorViewport: Clicking on Actor (LMB): StaticMeshActor (Ledge9)
[2017.04.03-03.00.30:443][402]LogEditorViewport: Clicking on Actor (LMB): Actor (LaunchPad)
[2017.04.03-03.00.31:691][544]LogEditorViewport: Clicking on Actor (LMB): StaticMeshActor (Wall3)
[2017.04.03-03.00.33:032][696]LogEditorViewport: Clicking on Actor (LMB): StaticMeshActor (Floor)
[2017.04.03-03.02.34:294][326]LogUObjectGlobals:Warning: Guid referenced by SceneComponent /Game/SideScrollerBP/Blueprints/LaunchPad_Blueprint.LaunchPad_Blueprint_C:DefaultSceneRoot1_GEN_VARIABLE is already used by SceneComponent /Game/SideScrollerBP/Maps/SideScrollerExampleMap.SideScrollerExampleMap:PersistentLevel.LaunchPad.DefaultSceneRoot, which should never happen in the editor but could happen at runtime with duplicate level loading or PIE
[2017.04.03-03.02.34:295][326]LogUObjectGlobals:Warning: Guid referenced by StaticMeshComponent /Game/SideScrollerBP/Blueprints/LaunchPad_Blueprint.LaunchPad_Blueprint_C:Cube_GEN_VARIABLE is already used by StaticMeshComponent /Game/SideScrollerBP/Maps/SideScrollerExampleMap.SideScrollerExampleMap:PersistentLevel.LaunchPad.Cube, which should never happen in the editor but could happen at runtime with duplicate level loading or PIE
[2017.04.03-03.02.34:395][326]LogSlate: Took 0.000164 seconds to synchronously load lazily loaded font '../../../Engine/Content/Slate/Fonts/Roboto-Light.ttf' (159K)
[2017.04.03-03.02.34:867][326]LogContentBrowser: Native class hierarchy updated for 'BlueprintGraph' in 0.0009 seconds. Added 112 classes and 0 folders.
[2017.04.03-03.08.02:035][846]LogSlate: Took 0.000216 seconds to synchronously load lazily loaded font '../../../Engine/Content/Slate/Fonts/Roboto-Light.ttf' (159K)
[2017.04.03-03.08.11:210][873]LogSavePackage: Save=116.41ms
[2017.04.03-03.08.11:210][873]LogSavePackage: Moving '../../../../../../Users/rjp00/Documents/Github/blueprint/sidescroller/Saved/SideScrollerExampleMap_Auto18198696B4CCEE4683341439179052FA0.tmp' to '../../../../../../Users/rjp00/Documents/Github/blueprint/sidescroller/Saved/Autosaves/Game/SideScrollerBP/Maps/SideScrollerExampleMap_Auto1.umap'
[2017.04.03-03.08.11:212][873]LogSavePackage:Display: Finished SavePackage ../../../../../../Users/rjp00/Documents/Github/blueprint/sidescroller/Saved/Autosaves/Game/SideScrollerBP/Maps/SideScrollerExampleMap_Auto1.umap
[2017.04.03-03.08.11:216][873]LogFileHelpers: Editor autosave (incl. sublevels) for '/Game/SideScrollerBP/Maps/SideScrollerExampleMap' took 0.156
[2017.04.03-03.08.11:216][873]LogFileHelpers: Editor autosave (incl. sublevels) for all levels took 0.156
[2017.04.03-03.08.11:220][873]OBJ SavePackage: Generating thumbnails for [1] asset(s) in package [/Game/SideScrollerBP/Blueprints/LaunchPad_Blueprint] ([1] browsable assets)...
[2017.04.03-03.08.11:233][873]OBJ SavePackage:     Rendered thumbnail for [Blueprint /Game/SideScrollerBP/Blueprints/LaunchPad_Blueprint.LaunchPad_Blueprint]
[2017.04.03-03.08.11:233][873]OBJ SavePackage: Finished generating thumbnails for package [/Game/SideScrollerBP/Blueprints/LaunchPad_Blueprint]
[2017.04.03-03.08.11:254][873]LogSavePackage: Save=19.74ms
[2017.04.03-03.08.11:254][873]LogSavePackage: Moving '../../../../../../Users/rjp00/Documents/Github/blueprint/sidescroller/Saved/LaunchPad_Blueprint_Auto130D24DBF439D4F2D5F2E508893E9BA31.tmp' to '../../../../../../Users/rjp00/Documents/Github/blueprint/sidescroller/Saved/Autosaves/Game/SideScrollerBP/Blueprints/LaunchPad_Blueprint_Auto1.uasset'
[2017.04.03-03.08.11:255][873]LogSavePackage:Display: Finished SavePackage ../../../../../../Users/rjp00/Documents/Github/blueprint/sidescroller/Saved/Autosaves/Game/SideScrollerBP/Blueprints/LaunchPad_Blueprint_Auto1.uasset
[2017.04.03-03.08.11:255][873]LogFileHelpers: Auto-saving content packages took 0.036
[2017.04.03-03.13.40:199][200]LogSlate: Took 0.005953 seconds to synchronously load lazily loaded font '../../../Engine/Content/Editor/Slate/Fonts/Roboto-BoldCondensed.ttf' (158K)
[2017.04.03-03.14.28:269][264]LogD3D11RHI: Timed out while waiting for GPU to catch up. (0.5 s)
[2017.04.03-03.14.28:898][265]LogD3D11RHI: Timed out while waiting for GPU to catch up. (0.5 s)
